Started GET "/dishes" for 127.0.0.1 at 2018-01-23 12:23:50 +1100
  
ActionController::RoutingError (No route matches [GET] "/dishes"):
  
actionpack (5.1.4) lib/action_dispatch/middleware/debug_exceptions.rb:63:in `call'
web-console (3.5.1) lib/web_console/middleware.rb:135:in `call_app'
web-console (3.5.1) lib/web_console/middleware.rb:28:in `block in call'
web-console (3.5.1) lib/web_console/middleware.rb:18:in `catch'
web-console (3.5.1) lib/web_console/middleware.rb:18:in `call'
actionpack (5.1.4) lib/action_dispatch/middleware/show_exceptions.rb:31:in `call'
railties (5.1.4) lib/rails/rack/logger.rb:36:in `call_app'
railties (5.1.4) lib/rails/rack/logger.rb:24:in `block in call'
activesupport (5.1.4) lib/active_support/tagged_logging.rb:69:in `block in tagged'
activesupport (5.1.4) lib/active_support/tagged_logging.rb:26:in `tagged'
activesupport (5.1.4) lib/active_support/tagged_logging.rb:69:in `tagged'
railties (5.1.4) lib/rails/rack/logger.rb:24:in `call'
sprockets-rails (3.2.1) lib/sprockets/rails/quiet_assets.rb:13:in `call'
actionpack (5.1.4) lib/action_dispatch/middleware/remote_ip.rb:79:in `call'
actionpack (5.1.4) lib/action_dispatch/middleware/request_id.rb:25:in `call'
rack (2.0.3) lib/rack/method_override.rb:22:in `call'
rack (2.0.3) lib/rack/runtime.rb:22:in `call'
activesupport (5.1.4) lib/active_support/cache/strategy/local_cache_middleware.rb:27:in `call'
actionpack (5.1.4) lib/action_dispatch/middleware/executor.rb:12:in `call'
actionpack (5.1.4) lib/action_dispatch/middleware/static.rb:125:in `call'
rack (2.0.3) lib/rack/sendfile.rb:111:in `call'
railties (5.1.4) lib/rails/engine.rb:522:in `call'
puma (3.11.2) lib/puma/configuration.rb:225:in `call'
puma (3.11.2) lib/puma/server.rb:624:in `handle_request'
puma (3.11.2) lib/puma/server.rb:438:in `process_client'
puma (3.11.2) lib/puma/server.rb:302:in `block in run'
puma (3.11.2) lib/puma/thread_pool.rb:120:in `block in spawn_thread'
Started GET "/" for 127.0.0.1 at 2018-01-23 12:23:54 +1100
Processing by Rails::WelcomeController#index as HTML
  Rendering /Users/superpower1/.rvm/gems/ruby-2.4.3/gems/railties-5.1.4/lib/rails/templates/rails/welcome/index.html.erb
  Rendered /Users/superpower1/.rvm/gems/ruby-2.4.3/gems/railties-5.1.4/lib/rails/templates/rails/welcome/index.html.erb (13.9ms)
Completed 200 OK in 709ms (Views: 22.8ms)


  [1m[35m (60.0ms)[0m  [1m[35mCREATE TABLE "schema_migrations" ("version" character varying NOT NULL PRIMARY KEY)[0m
  [1m[35m (9.5ms)[0m  [1m[35mCREATE TABLE "ar_internal_metadata" ("key" character varying NOT NULL PRIMARY KEY, "value" character varying, "created_at" timestamp NOT NULL, "updated_at" timestamp NOT NULL)[0m
  [1m[35m (5.5ms)[0m  [1m[34mSELECT pg_try_advisory_lock(5490135169876955430)[0m
  [1m[35m (2.8ms)[0m  [1m[34mSELECT "schema_migrations"."version" FROM "schema_migrations" ORDER BY "schema_migrations"."version" ASC[0m
Migrating to CreateUsers (20180123012652)
  [1m[35m (0.5ms)[0m  [1m[35mBEGIN[0m
  [1m[35m (29.2ms)[0m  [1m[35mCREATE TABLE "users" ("id" bigserial primary key, "email" character varying, "password_digest" text, "created_at" timestamp NOT NULL, "updated_at" timestamp NOT NULL)[0m
  [1m[35mSQL (8.4ms)[0m  [1m[32mINSERT INTO "schema_migrations" ("version") VALUES ($1) RETURNING "version"[0m  [["version", "20180123012652"]]
  [1m[35m (1.5ms)[0m  [1m[35mCOMMIT[0m
  [1m[36mActiveRecord::InternalMetadata Load (1.5ms)[0m  [1m[34mSELECT  "ar_internal_metadata".* FROM "ar_internal_metadata" WHERE "ar_internal_metadata"."key" = $1 LIMIT $2[0m  [["key", "environment"], ["LIMIT", 1]]
  [1m[35m (1.2ms)[0m  [1m[35mBEGIN[0m
  [1m[35mSQL (3.1ms)[0m  [1m[32mINSERT INTO "ar_internal_metadata" ("key", "value", "created_at", "updated_at") VALUES ($1, $2, $3, $4) RETURNING "key"[0m  [["key", "environment"], ["value", "development"], ["created_at", "2018-01-23 01:31:59.007856"], ["updated_at", "2018-01-23 01:31:59.007856"]]
  [1m[35m (0.7ms)[0m  [1m[35mCOMMIT[0m
  [1m[35m (0.7ms)[0m  [1m[34mSELECT pg_advisory_unlock(5490135169876955430)[0m
  [1m[35m (0.6ms)[0m  [1m[34mSELECT "schema_migrations"."version" FROM "schema_migrations" ORDER BY "schema_migrations"."version" ASC[0m
Started GET "/" for 127.0.0.1 at 2018-01-23 12:45:43 +1100
  [1m[35m (2.6ms)[0m  [1m[34mSELECT "schema_migrations"."version" FROM "schema_migrations" ORDER BY "schema_migrations"."version" ASC[0m
Processing by PagesController#home as HTML
  Rendering pages/home.html.erb within layouts/application
  Rendered pages/home.html.erb within layouts/application (2.4ms)
Completed 200 OK in 1537ms (Views: 1527.5ms | ActiveRecord: 0.0ms)


Started GET "/" for 127.0.0.1 at 2018-01-23 12:56:45 +1100
Processing by PagesController#home as HTML
  Rendering pages/home.html.erb within layouts/application
  Rendered pages/home.html.erb within layouts/application (3.4ms)
Completed 200 OK in 914ms (Views: 897.3ms | ActiveRecord: 0.0ms)


Started GET "/" for 127.0.0.1 at 2018-01-23 13:00:41 +1100
Processing by PagesController#home as HTML
  Rendering pages/home.html.erb within layouts/application
  Rendered pages/home.html.erb within layouts/application (13.9ms)
Completed 200 OK in 889ms (Views: 878.6ms | ActiveRecord: 0.0ms)


Started GET "/" for 127.0.0.1 at 2018-01-23 13:03:53 +1100
Processing by PagesController#home as HTML
  Rendering pages/home.html.erb within layouts/application
  Rendered pages/home.html.erb within layouts/application (6.1ms)
Completed 200 OK in 1052ms (Views: 1031.6ms | ActiveRecord: 0.0ms)


Started GET "/" for 127.0.0.1 at 2018-01-23 14:43:17 +1100
Processing by PagesController#home as HTML
  Rendering pages/home.html.erb within layouts/application
  Rendered pages/home.html.erb within layouts/application (26.2ms)
Completed 200 OK in 713ms (Views: 688.8ms | ActiveRecord: 0.0ms)


Started GET "/" for 127.0.0.1 at 2018-01-23 15:01:12 +1100
Processing by PagesController#home as HTML
  Rendering pages/home.html.erb within layouts/application
  Rendered pages/home.html.erb within layouts/application (11.8ms)
Completed 200 OK in 1239ms (Views: 1225.3ms | ActiveRecord: 0.0ms)


Started GET "/" for 127.0.0.1 at 2018-01-23 15:02:01 +1100
Processing by PagesController#home as HTML
  Rendering pages/home.html.erb within layouts/application
  Rendered pages/home.html.erb within layouts/application (3.3ms)
Completed 200 OK in 62ms (Views: 54.2ms | ActiveRecord: 0.0ms)


Started GET "/" for 127.0.0.1 at 2018-01-23 15:02:05 +1100
Processing by PagesController#home as HTML
  Rendering pages/home.html.erb within layouts/application
  Rendered pages/home.html.erb within layouts/application (0.5ms)
Completed 200 OK in 55ms (Views: 49.2ms | ActiveRecord: 0.0ms)


Started GET "/" for 127.0.0.1 at 2018-01-23 15:03:14 +1100
Processing by PagesController#home as HTML
  Rendering pages/home.html.erb within layouts/application
  Rendered pages/home.html.erb within layouts/application (5.5ms)
Completed 200 OK in 487ms (Views: 482.4ms | ActiveRecord: 0.0ms)


  [1m[35m (1.8ms)[0m  [1m[34mSELECT pg_try_advisory_lock(5490135169876955430)[0m
  [1m[35m (3.5ms)[0m  [1m[34mSELECT "schema_migrations"."version" FROM "schema_migrations" ORDER BY "schema_migrations"."version" ASC[0m
Migrating to CreateProjects (20180123041121)
  [1m[35m (1.0ms)[0m  [1m[35mBEGIN[0m
  [1m[35m (45.5ms)[0m  [1m[35mCREATE TABLE "projects" ("id" bigserial primary key, "title" character varying, "user_id" integer, "created_at" timestamp NOT NULL, "updated_at" timestamp NOT NULL)[0m
  [1m[35mSQL (3.6ms)[0m  [1m[32mINSERT INTO "schema_migrations" ("version") VALUES ($1) RETURNING "version"[0m  [["version", "20180123041121"]]
  [1m[35m (1.9ms)[0m  [1m[35mCOMMIT[0m
  [1m[36mActiveRecord::InternalMetadata Load (1.8ms)[0m  [1m[34mSELECT  "ar_internal_metadata".* FROM "ar_internal_metadata" WHERE "ar_internal_metadata"."key" = $1 LIMIT $2[0m  [["key", "environment"], ["LIMIT", 1]]
  [1m[35m (0.2ms)[0m  [1m[35mBEGIN[0m
  [1m[35m (0.3ms)[0m  [1m[35mCOMMIT[0m
  [1m[35m (0.4ms)[0m  [1m[34mSELECT pg_advisory_unlock(5490135169876955430)[0m
  [1m[35m (1.1ms)[0m  [1m[34mSELECT "schema_migrations"."version" FROM "schema_migrations" ORDER BY "schema_migrations"."version" ASC[0m
  [1m[36mProject Load (1.1ms)[0m  [1m[34mSELECT  "projects".* FROM "projects" LIMIT $1[0m  [["LIMIT", 11]]
  [1m[35m (2.7ms)[0m  [1m[34mSELECT "schema_migrations"."version" FROM "schema_migrations" ORDER BY "schema_migrations"."version" ASC[0m
  [1m[35m (0.4ms)[0m  [1m[35mBEGIN[0m
  [1m[35mSQL (5.2ms)[0m  [1m[32mINSERT INTO "users" ("email", "created_at", "updated_at") VALUES ($1, $2, $3) RETURNING "id"[0m  [["email", "haofu@sp1.com"], ["created_at", "2018-01-23 04:30:35.538646"], ["updated_at", "2018-01-23 04:30:35.538646"]]
  [1m[35m (0.7ms)[0m  [1m[35mCOMMIT[0m
  [1m[35m (1.8ms)[0m  [1m[34mSELECT "schema_migrations"."version" FROM "schema_migrations" ORDER BY "schema_migrations"."version" ASC[0m
  [1m[35m (0.4ms)[0m  [1m[35mBEGIN[0m
  [1m[35mSQL (2.7ms)[0m  [1m[32mINSERT INTO "users" ("email", "created_at", "updated_at") VALUES ($1, $2, $3) RETURNING "id"[0m  [["email", "haofu@sp1.com"], ["created_at", "2018-01-23 04:31:06.759079"], ["updated_at", "2018-01-23 04:31:06.759079"]]
  [1m[35m (0.7ms)[0m  [1m[35mCOMMIT[0m
  [1m[35m (0.4ms)[0m  [1m[35mBEGIN[0m
  [1m[35mSQL (2.9ms)[0m  [1m[32mINSERT INTO "projects" ("title", "user_id", "created_at", "updated_at") VALUES ($1, $2, $3, $4) RETURNING "id"[0m  [["title", "blue sky"], ["user_id", 2], ["created_at", "2018-01-23 04:31:06.802531"], ["updated_at", "2018-01-23 04:31:06.802531"]]
  [1m[35m (0.7ms)[0m  [1m[35mCOMMIT[0m
  [1m[35m (0.3ms)[0m  [1m[35mBEGIN[0m
  [1m[35mSQL (0.6ms)[0m  [1m[32mINSERT INTO "projects" ("title", "user_id", "created_at", "updated_at") VALUES ($1, $2, $3, $4) RETURNING "id"[0m  [["title", "red mountain"], ["user_id", 2], ["created_at", "2018-01-23 04:31:06.812424"], ["updated_at", "2018-01-23 04:31:06.812424"]]
  [1m[35m (0.5ms)[0m  [1m[35mCOMMIT[0m
  [1m[35m (0.3ms)[0m  [1m[35mBEGIN[0m
  [1m[35mSQL (0.6ms)[0m  [1m[32mINSERT INTO "projects" ("title", "user_id", "created_at", "updated_at") VALUES ($1, $2, $3, $4) RETURNING "id"[0m  [["title", "red ocean"], ["user_id", 2], ["created_at", "2018-01-23 04:31:06.818766"], ["updated_at", "2018-01-23 04:31:06.818766"]]
  [1m[35m (0.6ms)[0m  [1m[35mCOMMIT[0m
  [1m[35m (0.3ms)[0m  [1m[35mBEGIN[0m
  [1m[35mSQL (0.7ms)[0m  [1m[32mINSERT INTO "projects" ("title", "user_id", "created_at", "updated_at") VALUES ($1, $2, $3, $4) RETURNING "id"[0m  [["title", "red sun"], ["user_id", 2], ["created_at", "2018-01-23 04:31:06.825081"], ["updated_at", "2018-01-23 04:31:06.825081"]]
  [1m[35m (0.6ms)[0m  [1m[35mCOMMIT[0m
  [1m[35m (0.3ms)[0m  [1m[35mBEGIN[0m
  [1m[35mSQL (0.7ms)[0m  [1m[32mINSERT INTO "projects" ("title", "user_id", "created_at", "updated_at") VALUES ($1, $2, $3, $4) RETURNING "id"[0m  [["title", "black sky"], ["user_id", 2], ["created_at", "2018-01-23 04:31:06.831051"], ["updated_at", "2018-01-23 04:31:06.831051"]]
  [1m[35m (0.7ms)[0m  [1m[35mCOMMIT[0m
  [1m[35m (0.3ms)[0m  [1m[35mBEGIN[0m
  [1m[35mSQL (0.7ms)[0m  [1m[32mINSERT INTO "projects" ("title", "user_id", "created_at", "updated_at") VALUES ($1, $2, $3, $4) RETURNING "id"[0m  [["title", "blue ocean"], ["user_id", 2], ["created_at", "2018-01-23 04:31:06.837997"], ["updated_at", "2018-01-23 04:31:06.837997"]]
  [1m[35m (0.7ms)[0m  [1m[35mCOMMIT[0m
  [1m[35m (0.2ms)[0m  [1m[35mBEGIN[0m
  [1m[35mSQL (2.0ms)[0m  [1m[32mINSERT INTO "projects" ("title", "user_id", "created_at", "updated_at") VALUES ($1, $2, $3, $4) RETURNING "id"[0m  [["title", "yellow ocean"], ["user_id", 2], ["created_at", "2018-01-23 04:31:06.845123"], ["updated_at", "2018-01-23 04:31:06.845123"]]
  [1m[35m (0.7ms)[0m  [1m[35mCOMMIT[0m
  [1m[35m (0.4ms)[0m  [1m[35mBEGIN[0m
  [1m[35mSQL (0.6ms)[0m  [1m[32mINSERT INTO "projects" ("title", "user_id", "created_at", "updated_at") VALUES ($1, $2, $3, $4) RETURNING "id"[0m  [["title", "yellow sky"], ["user_id", 2], ["created_at", "2018-01-23 04:31:06.853453"], ["updated_at", "2018-01-23 04:31:06.853453"]]
  [1m[35m (0.6ms)[0m  [1m[35mCOMMIT[0m
  [1m[35m (0.3ms)[0m  [1m[35mBEGIN[0m
  [1m[35mSQL (3.8ms)[0m  [1m[32mINSERT INTO "projects" ("title", "user_id", "created_at", "updated_at") VALUES ($1, $2, $3, $4) RETURNING "id"[0m  [["title", "red mountain"], ["user_id", 2], ["created_at", "2018-01-23 04:31:06.860430"], ["updated_at", "2018-01-23 04:31:06.860430"]]
  [1m[35m (1.0ms)[0m  [1m[35mCOMMIT[0m
  [1m[35m (0.5ms)[0m  [1m[35mBEGIN[0m
  [1m[35mSQL (0.8ms)[0m  [1m[32mINSERT INTO "projects" ("title", "user_id", "created_at", "updated_at") VALUES ($1, $2, $3, $4) RETURNING "id"[0m  [["title", "yellow ocean"], ["user_id", 2], ["created_at", "2018-01-23 04:31:06.871161"], ["updated_at", "2018-01-23 04:31:06.871161"]]
  [1m[35m (0.7ms)[0m  [1m[35mCOMMIT[0m
  [1m[36mProject Load (0.9ms)[0m  [1m[34mSELECT  "projects".* FROM "projects" LIMIT $1[0m  [["LIMIT", 11]]
  [1m[36mProject Load (2.2ms)[0m  [1m[34mSELECT "projects".* FROM "projects"[0m
Started GET "/" for 127.0.0.1 at 2018-01-23 15:41:21 +1100
  [1m[35m (2.5ms)[0m  [1m[34mSELECT "schema_migrations"."version" FROM "schema_migrations" ORDER BY "schema_migrations"."version" ASC[0m
Processing by PagesController#home as HTML
  Rendering pages/home.html.erb within layouts/application
  Rendered pages/home.html.erb within layouts/application (4.0ms)
Completed 200 OK in 864ms (Views: 844.7ms | ActiveRecord: 0.0ms)


Started GET "/" for 127.0.0.1 at 2018-01-23 15:43:03 +1100
Processing by PagesController#home as HTML
  Rendering pages/home.html.erb within layouts/application
  [1m[36mProject Load (3.0ms)[0m  [1m[34mSELECT "projects".* FROM "projects"[0m
  Rendered pages/home.html.erb within layouts/application (111.0ms)
Completed 200 OK in 893ms (Views: 797.9ms | ActiveRecord: 21.9ms)


  [1m[36mUser Load (0.9ms)[0m  [1m[34mSELECT  "users".* FROM "users" ORDER BY "users"."id" ASC LIMIT $1[0m  [["LIMIT", 1]]
  [1m[35m (2.4ms)[0m  [1m[34mSELECT "schema_migrations"."version" FROM "schema_migrations" ORDER BY "schema_migrations"."version" ASC[0m
  [1m[35mSQL (2.5ms)[0m  [1m[31mDELETE FROM "projects"[0m
  [1m[35mSQL (1.1ms)[0m  [1m[31mDELETE FROM "users"[0m
  [1m[35m (0.3ms)[0m  [1m[35mBEGIN[0m
  [1m[35mSQL (1.5ms)[0m  [1m[32mINSERT INTO "users" ("email", "password_digest", "created_at", "updated_at") VALUES ($1, $2, $3, $4) RETURNING "id"[0m  [["email", "haofu@sp1.com"], ["password_digest", "$2a$10$jtqqUEe5NFaSpof8mdsMguZipGe1bWfdzDy0iz8DICiYbUlZ.X8ny"], ["created_at", "2018-01-23 04:57:32.753926"], ["updated_at", "2018-01-23 04:57:32.753926"]]
  [1m[35m (0.7ms)[0m  [1m[35mCOMMIT[0m
  [1m[35m (0.2ms)[0m  [1m[35mBEGIN[0m
  [1m[35mSQL (1.4ms)[0m  [1m[32mINSERT INTO "projects" ("title", "user_id", "created_at", "updated_at") VALUES ($1, $2, $3, $4) RETURNING "id"[0m  [["title", "red mountain"], ["user_id", 3], ["created_at", "2018-01-23 04:57:32.784964"], ["updated_at", "2018-01-23 04:57:32.784964"]]
  [1m[35m (0.5ms)[0m  [1m[35mCOMMIT[0m
  [1m[35m (0.2ms)[0m  [1m[35mBEGIN[0m
  [1m[35mSQL (0.6ms)[0m  [1m[32mINSERT INTO "projects" ("title", "user_id", "created_at", "updated_at") VALUES ($1, $2, $3, $4) RETURNING "id"[0m  [["title", "red sky"], ["user_id", 3], ["created_at", "2018-01-23 04:57:32.790116"], ["updated_at", "2018-01-23 04:57:32.790116"]]
  [1m[35m (0.5ms)[0m  [1m[35mCOMMIT[0m
  [1m[35m (0.2ms)[0m  [1m[35mBEGIN[0m
  [1m[35mSQL (0.6ms)[0m  [1m[32mINSERT INTO "projects" ("title", "user_id", "created_at", "updated_at") VALUES ($1, $2, $3, $4) RETURNING "id"[0m  [["title", "blue mountain"], ["user_id", 3], ["created_at", "2018-01-23 04:57:32.794029"], ["updated_at", "2018-01-23 04:57:32.794029"]]
  [1m[35m (0.5ms)[0m  [1m[35mCOMMIT[0m
  [1m[35m (0.2ms)[0m  [1m[35mBEGIN[0m
  [1m[35mSQL (0.6ms)[0m  [1m[32mINSERT INTO "projects" ("title", "user_id", "created_at", "updated_at") VALUES ($1, $2, $3, $4) RETURNING "id"[0m  [["title", "yellow mountain"], ["user_id", 3], ["created_at", "2018-01-23 04:57:32.797621"], ["updated_at", "2018-01-23 04:57:32.797621"]]
  [1m[35m (0.6ms)[0m  [1m[35mCOMMIT[0m
  [1m[35m (0.2ms)[0m  [1m[35mBEGIN[0m
  [1m[35mSQL (0.7ms)[0m  [1m[32mINSERT INTO "projects" ("title", "user_id", "created_at", "updated_at") VALUES ($1, $2, $3, $4) RETURNING "id"[0m  [["title", "red sky"], ["user_id", 3], ["created_at", "2018-01-23 04:57:32.801394"], ["updated_at", "2018-01-23 04:57:32.801394"]]
  [1m[35m (0.6ms)[0m  [1m[35mCOMMIT[0m
  [1m[35m (0.6ms)[0m  [1m[35mBEGIN[0m
  [1m[35mSQL (0.8ms)[0m  [1m[32mINSERT INTO "projects" ("title", "user_id", "created_at", "updated_at") VALUES ($1, $2, $3, $4) RETURNING "id"[0m  [["title", "red ocean"], ["user_id", 3], ["created_at", "2018-01-23 04:57:32.806187"], ["updated_at", "2018-01-23 04:57:32.806187"]]
  [1m[35m (0.6ms)[0m  [1m[35mCOMMIT[0m
  [1m[35m (0.2ms)[0m  [1m[35mBEGIN[0m
  [1m[35mSQL (0.7ms)[0m  [1m[32mINSERT INTO "projects" ("title", "user_id", "created_at", "updated_at") VALUES ($1, $2, $3, $4) RETURNING "id"[0m  [["title", "blue mountain"], ["user_id", 3], ["created_at", "2018-01-23 04:57:32.812636"], ["updated_at", "2018-01-23 04:57:32.812636"]]
  [1m[35m (0.6ms)[0m  [1m[35mCOMMIT[0m
  [1m[35m (0.3ms)[0m  [1m[35mBEGIN[0m
  [1m[35mSQL (1.9ms)[0m  [1m[32mINSERT INTO "projects" ("title", "user_id", "created_at", "updated_at") VALUES ($1, $2, $3, $4) RETURNING "id"[0m  [["title", "black sun"], ["user_id", 3], ["created_at", "2018-01-23 04:57:32.819546"], ["updated_at", "2018-01-23 04:57:32.819546"]]
  [1m[35m (0.7ms)[0m  [1m[35mCOMMIT[0m
  [1m[35m (0.3ms)[0m  [1m[35mBEGIN[0m
  [1m[35mSQL (0.6ms)[0m  [1m[32mINSERT INTO "projects" ("title", "user_id", "created_at", "updated_at") VALUES ($1, $2, $3, $4) RETURNING "id"[0m  [["title", "yellow sky"], ["user_id", 3], ["created_at", "2018-01-23 04:57:32.828118"], ["updated_at", "2018-01-23 04:57:32.828118"]]
  [1m[35m (0.5ms)[0m  [1m[35mCOMMIT[0m
  [1m[35m (0.2ms)[0m  [1m[35mBEGIN[0m
  [1m[35mSQL (0.9ms)[0m  [1m[32mINSERT INTO "projects" ("title", "user_id", "created_at", "updated_at") VALUES ($1, $2, $3, $4) RETURNING "id"[0m  [["title", "black mountain"], ["user_id", 3], ["created_at", "2018-01-23 04:57:32.832542"], ["updated_at", "2018-01-23 04:57:32.832542"]]
  [1m[35m (0.6ms)[0m  [1m[35mCOMMIT[0m
  [1m[36mUser Load (2.6ms)[0m  [1m[34mSELECT  "users".* FROM "users" ORDER BY "users"."id" ASC LIMIT $1[0m  [["LIMIT", 1]]
Started GET "/" for 127.0.0.1 at 2018-01-23 16:22:17 +1100
  [1m[35m (3.8ms)[0m  [1m[34mSELECT "schema_migrations"."version" FROM "schema_migrations" ORDER BY "schema_migrations"."version" ASC[0m
Processing by PagesController#home as HTML
  Rendering pages/home.html.erb within layouts/application
  [1m[36mProject Load (3.9ms)[0m  [1m[34mSELECT "projects".* FROM "projects"[0m
  Rendered pages/home.html.erb within layouts/application (48.1ms)
Completed 200 OK in 520ms (Views: 473.9ms | ActiveRecord: 25.9ms)


Started GET "/login" for 127.0.0.1 at 2018-01-23 16:22:24 +1100
Processing by SessionController#new as HTML
  Rendering session/new.html.erb within layouts/application
  Rendered session/new.html.erb within layouts/application (1.1ms)
Completed 200 OK in 49ms (Views: 43.6ms | ActiveRecord: 0.0ms)


Started POST "/session" for 127.0.0.1 at 2018-01-23 16:22:34 +1100
Processing by SessionController#create as HTML
  Parameters: {"authenticity_token"=>"iLXsk4Ke2h79ROB/2x4uDF/yxX7mDIT2JHXd3geGA7YmL1unWtUvIcDnYCSWzp5/+55V2FgOoRqHOnhYPaiUJA==", "email"=>"haofu@sp1.com", "pwd"=>"123456", "button"=>""}
  [1m[36mUser Load (1.7ms)[0m  [1m[34mSELECT  "users".* FROM "users" WHERE "users"."email" = $1 LIMIT $2[0m  [["email", "haofu@sp1.com"], ["LIMIT", 1]]
Redirected to http://localhost:3000/
Completed 302 Found in 263ms (ActiveRecord: 14.5ms)


Started GET "/" for 127.0.0.1 at 2018-01-23 16:22:34 +1100
Processing by PagesController#home as HTML
  Rendering pages/home.html.erb within layouts/application
  [1m[36mProject Load (1.2ms)[0m  [1m[34mSELECT "projects".* FROM "projects"[0m
  Rendered pages/home.html.erb within layouts/application (31.8ms)
Completed 200 OK in 116ms (Views: 94.7ms | ActiveRecord: 15.8ms)


Started GET "/login" for 127.0.0.1 at 2018-01-23 16:22:43 +1100
Processing by SessionController#new as HTML
  Rendering session/new.html.erb within layouts/application
  Rendered session/new.html.erb within layouts/application (1.9ms)
Completed 200 OK in 428ms (Views: 422.3ms | ActiveRecord: 0.0ms)


Started POST "/session" for 127.0.0.1 at 2018-01-23 16:22:48 +1100
Processing by SessionController#create as HTML
  Parameters: {"authenticity_token"=>"VkOcG/PbFRGp83DOc/y880FgXGWp7F1cDCTPek1QmiD42SsvK5DgLpRQ8JU+LAyA5QzMwxfueLCva2r8d34Nsg==", "email"=>"asdf", "pwd"=>"asdf", "button"=>""}
  [1m[36mUser Load (1.0ms)[0m  [1m[34mSELECT  "users".* FROM "users" WHERE "users"."email" = $1 LIMIT $2[0m  [["email", "asdf"], ["LIMIT", 1]]
Completed 500 Internal Server Error in 17ms (ActiveRecord: 1.0ms)


  
ActionView::MissingTemplate (Missing template session/login, application/login with {:locale=>[:en], :formats=>[:html], :variants=>[], :handlers=>[:raw, :erb, :html, :builder, :ruby, :jbuilder]}. Searched in:
  * "/Users/superpower1/Documents/wdi/week_07/day_32/copro/app/views"
):
  
app/controllers/session_controller.rb:12:in `create'
Started GET "/rails/info" for 127.0.0.1 at 2018-01-23 16:23:34 +1100
Processing by Rails::InfoController#index as HTML
Redirected to http://localhost:3000/rails/info/routes
Completed 302 Found in 9ms (ActiveRecord: 0.0ms)


Started GET "/rails/info/routes" for 127.0.0.1 at 2018-01-23 16:23:34 +1100
Processing by Rails::InfoController#routes as HTML
  Rendering /Users/superpower1/.rvm/gems/ruby-2.4.3/gems/railties-5.1.4/lib/rails/templates/rails/info/routes.html.erb within layouts/application
  Rendered collection of /Users/superpower1/.rvm/gems/ruby-2.4.3/gems/actionpack-5.1.4/lib/action_dispatch/middleware/templates/routes/_route.html.erb [19 times] (111.6ms)
  Rendered /Users/superpower1/.rvm/gems/ruby-2.4.3/gems/actionpack-5.1.4/lib/action_dispatch/middleware/templates/routes/_table.html.erb (50.3ms)
  Rendered /Users/superpower1/.rvm/gems/ruby-2.4.3/gems/railties-5.1.4/lib/rails/templates/rails/info/routes.html.erb within layouts/application (196.7ms)
Completed 200 OK in 305ms (Views: 285.2ms | ActiveRecord: 0.0ms)


Started GET "/login" for 127.0.0.1 at 2018-01-23 16:24:00 +1100
Processing by SessionController#new as HTML
  Rendering session/new.html.erb within layouts/application
  Rendered session/new.html.erb within layouts/application (2.0ms)
Completed 200 OK in 56ms (Views: 51.8ms | ActiveRecord: 0.0ms)


Started POST "/session" for 127.0.0.1 at 2018-01-23 16:24:03 +1100
Processing by SessionController#create as HTML
  Parameters: {"authenticity_token"=>"XQ7GNfywu3rlhccPT7qEvFFzlVPWf52b/27oPFWF6vvzlHEBJPtORdgmR1QCajTP9R8F9Wh9uHdcIU26b6t9aQ==", "email"=>"asdf", "pwd"=>"asdf", "button"=>""}
  [1m[36mUser Load (1.3ms)[0m  [1m[34mSELECT  "users".* FROM "users" WHERE "users"."email" = $1 LIMIT $2[0m  [["email", "asdf"], ["LIMIT", 1]]
  Rendering session/new.html.erb within layouts/application
  Rendered session/new.html.erb within layouts/application (1.2ms)
Completed 200 OK in 65ms (Views: 43.3ms | ActiveRecord: 1.3ms)


Started GET "/login" for 127.0.0.1 at 2018-01-24 11:15:45 +1100
Processing by SessionController#new as HTML
  Rendering session/new.html.erb within layouts/application
  Rendered session/new.html.erb within layouts/application (116.9ms)
Completed 200 OK in 1098ms (Views: 1044.6ms | ActiveRecord: 0.0ms)


Started GET "/rails/info/routes" for 127.0.0.1 at 2018-01-24 11:15:49 +1100
Processing by Rails::InfoController#routes as HTML
  Rendering /Users/superpower1/.rvm/gems/ruby-2.4.3/gems/railties-5.1.4/lib/rails/templates/rails/info/routes.html.erb within layouts/application
  Rendered collection of /Users/superpower1/.rvm/gems/ruby-2.4.3/gems/actionpack-5.1.4/lib/action_dispatch/middleware/templates/routes/_route.html.erb [19 times] (97.2ms)
  Rendered /Users/superpower1/.rvm/gems/ruby-2.4.3/gems/actionpack-5.1.4/lib/action_dispatch/middleware/templates/routes/_table.html.erb (14.2ms)
  Rendered /Users/superpower1/.rvm/gems/ruby-2.4.3/gems/railties-5.1.4/lib/rails/templates/rails/info/routes.html.erb within layouts/application (170.8ms)
Completed 200 OK in 212ms (Views: 195.6ms | ActiveRecord: 0.0ms)


Started GET "/" for 127.0.0.1 at 2018-01-24 11:15:53 +1100
Processing by PagesController#home as HTML
  Rendering pages/home.html.erb within layouts/application
  [1m[36mProject Load (12.1ms)[0m  [1m[34mSELECT "projects".* FROM "projects"[0m
  Rendered pages/home.html.erb within layouts/application (182.2ms)
Completed 200 OK in 323ms (Views: 171.7ms | ActiveRecord: 91.6ms)


Started GET "/rails/info" for 127.0.0.1 at 2018-01-24 11:35:47 +1100
  [1m[35m (16.2ms)[0m  [1m[34mSELECT "schema_migrations"."version" FROM "schema_migrations" ORDER BY "schema_migrations"."version" ASC[0m
Processing by Rails::InfoController#index as HTML
Redirected to http://localhost:3000/rails/info/routes
Completed 302 Found in 4ms (ActiveRecord: 0.0ms)


Started GET "/rails/info/routes" for 127.0.0.1 at 2018-01-24 11:35:48 +1100
Processing by Rails::InfoController#routes as HTML
  Rendering /Users/superpower1/.rvm/gems/ruby-2.4.3/gems/railties-5.1.4/lib/rails/templates/rails/info/routes.html.erb within layouts/application
  Rendered collection of /Users/superpower1/.rvm/gems/ruby-2.4.3/gems/actionpack-5.1.4/lib/action_dispatch/middleware/templates/routes/_route.html.erb [19 times] (33.7ms)
  Rendered /Users/superpower1/.rvm/gems/ruby-2.4.3/gems/actionpack-5.1.4/lib/action_dispatch/middleware/templates/routes/_table.html.erb (14.4ms)
  Rendered /Users/superpower1/.rvm/gems/ruby-2.4.3/gems/railties-5.1.4/lib/rails/templates/rails/info/routes.html.erb within layouts/application (70.2ms)
Completed 200 OK in 161ms (Views: 150.1ms | ActiveRecord: 0.0ms)


Started GET "/rails/info/routes?path=/p" for 127.0.0.1 at 2018-01-24 11:35:53 +1100
Processing by Rails::InfoController#routes as */*
  Parameters: {"path"=>"/p"}
Completed 200 OK in 6ms (Views: 1.9ms | ActiveRecord: 0.0ms)


Started GET "/rails/info/routes" for 127.0.0.1 at 2018-01-24 11:38:09 +1100
Processing by Rails::InfoController#routes as HTML
  Rendering /Users/superpower1/.rvm/gems/ruby-2.4.3/gems/railties-5.1.4/lib/rails/templates/rails/info/routes.html.erb within layouts/application
  Rendered collection of /Users/superpower1/.rvm/gems/ruby-2.4.3/gems/actionpack-5.1.4/lib/action_dispatch/middleware/templates/routes/_route.html.erb [13 times] (32.0ms)
  Rendered /Users/superpower1/.rvm/gems/ruby-2.4.3/gems/actionpack-5.1.4/lib/action_dispatch/middleware/templates/routes/_table.html.erb (5.4ms)
  Rendered /Users/superpower1/.rvm/gems/ruby-2.4.3/gems/railties-5.1.4/lib/rails/templates/rails/info/routes.html.erb within layouts/application (76.4ms)
Completed 200 OK in 132ms (Views: 112.7ms | ActiveRecord: 0.0ms)


Started GET "/rails/info/routes?path=/p" for 127.0.0.1 at 2018-01-24 11:38:13 +1100
Processing by Rails::InfoController#routes as */*
  Parameters: {"path"=>"/p"}
Completed 200 OK in 3ms (Views: 0.8ms | ActiveRecord: 0.0ms)


Started GET "/rails/info/routes?path=/p" for 127.0.0.1 at 2018-01-24 11:38:13 +1100
Processing by Rails::InfoController#routes as */*
  Parameters: {"path"=>"/p"}
Completed 200 OK in 2ms (Views: 0.5ms | ActiveRecord: 0.0ms)


Started GET "/" for 127.0.0.1 at 2018-01-24 11:42:09 +1100
Processing by PagesController#home as HTML
  Rendering pages/home.html.erb within layouts/application
  [1m[36mProject Load (46.1ms)[0m  [1m[34mSELECT "projects".* FROM "projects"[0m
  Rendered pages/home.html.erb within layouts/application (117.2ms)
Completed 200 OK in 1080ms (Views: 962.4ms | ActiveRecord: 88.2ms)


Started GET "/projects/new" for 127.0.0.1 at 2018-01-24 12:01:48 +1100
Processing by ProjectsController#new as HTML
  Rendering projects/new.html.erb within layouts/application
  Rendered projects/new.html.erb within layouts/application (1.7ms)
Completed 200 OK in 73ms (Views: 67.1ms | ActiveRecord: 0.0ms)


Started POST "/projects" for 127.0.0.1 at 2018-01-24 12:02:00 +1100
Processing by ProjectsController#create as HTML
  Parameters: {"title"=>"Rails", "button"=>""}
Can't verify CSRF token authenticity.
Completed 422 Unprocessable Entity in 2ms (ActiveRecord: 0.0ms)


  
ActionController::InvalidAuthenticityToken (ActionController::InvalidAuthenticityToken):
  
actionpack (5.1.4) lib/action_controller/metal/request_forgery_protection.rb:195:in `handle_unverified_request'
actionpack (5.1.4) lib/action_controller/metal/request_forgery_protection.rb:227:in `handle_unverified_request'
actionpack (5.1.4) lib/action_controller/metal/request_forgery_protection.rb:222:in `verify_authenticity_token'
activesupport (5.1.4) lib/active_support/callbacks.rb:413:in `block in make_lambda'
activesupport (5.1.4) lib/active_support/callbacks.rb:197:in `block (2 levels) in halting'
actionpack (5.1.4) lib/abstract_controller/callbacks.rb:12:in `block (2 levels) in <module:Callbacks>'
activesupport (5.1.4) lib/active_support/callbacks.rb:198:in `block in halting'
activesupport (5.1.4) lib/active_support/callbacks.rb:507:in `block in invoke_before'
activesupport (5.1.4) lib/active_support/callbacks.rb:507:in `each'
activesupport (5.1.4) lib/active_support/callbacks.rb:507:in `invoke_before'
activesupport (5.1.4) lib/active_support/callbacks.rb:130:in `run_callbacks'
actionpack (5.1.4) lib/abstract_controller/callbacks.rb:19:in `process_action'
actionpack (5.1.4) lib/action_controller/metal/rescue.rb:20:in `process_action'
actionpack (5.1.4) lib/action_controller/metal/instrumentation.rb:32:in `block in process_action'
activesupport (5.1.4) lib/active_support/notifications.rb:166:in `block in instrument'
activesupport (5.1.4) lib/active_support/notifications/instrumenter.rb:21:in `instrument'
activesupport (5.1.4) lib/active_support/notifications.rb:166:in `instrument'
actionpack (5.1.4) lib/action_controller/metal/instrumentation.rb:30:in `process_action'
actionpack (5.1.4) lib/action_controller/metal/params_wrapper.rb:252:in `process_action'
activerecord (5.1.4) lib/active_record/railties/controller_runtime.rb:22:in `process_action'
actionpack (5.1.4) lib/abstract_controller/base.rb:124:in `process'
actionview (5.1.4) lib/action_view/rendering.rb:30:in `process'
actionpack (5.1.4) lib/action_controller/metal.rb:189:in `dispatch'
actionpack (5.1.4) lib/action_controller/metal.rb:253:in `dispatch'
actionpack (5.1.4) lib/action_dispatch/routing/route_set.rb:49:in `dispatch'
actionpack (5.1.4) lib/action_dispatch/routing/route_set.rb:31:in `serve'
actionpack (5.1.4) lib/action_dispatch/journey/router.rb:50:in `block in serve'
actionpack (5.1.4) lib/action_dispatch/journey/router.rb:33:in `each'
actionpack (5.1.4) lib/action_dispatch/journey/router.rb:33:in `serve'
actionpack (5.1.4) lib/action_dispatch/routing/route_set.rb:834:in `call'
rack (2.0.3) lib/rack/etag.rb:25:in `call'
rack (2.0.3) lib/rack/conditional_get.rb:38:in `call'
rack (2.0.3) lib/rack/head.rb:12:in `call'
rack (2.0.3) lib/rack/session/abstract/id.rb:232:in `context'
rack (2.0.3) lib/rack/session/abstract/id.rb:226:in `call'
actionpack (5.1.4) lib/action_dispatch/middleware/cookies.rb:613:in `call'
activerecord (5.1.4) lib/active_record/migration.rb:556:in `call'
actionpack (5.1.4) lib/action_dispatch/middleware/callbacks.rb:26:in `block in call'
activesupport (5.1.4) lib/active_support/callbacks.rb:97:in `run_callbacks'
actionpack (5.1.4) lib/action_dispatch/middleware/callbacks.rb:24:in `call'
actionpack (5.1.4) lib/action_dispatch/middleware/executor.rb:12:in `call'
actionpack (5.1.4) lib/action_dispatch/middleware/debug_exceptions.rb:59:in `call'
web-console (3.5.1) lib/web_console/middleware.rb:135:in `call_app'
web-console (3.5.1) lib/web_console/middleware.rb:28:in `block in call'
web-console (3.5.1) lib/web_console/middleware.rb:18:in `catch'
web-console (3.5.1) lib/web_console/middleware.rb:18:in `call'
actionpack (5.1.4) lib/action_dispatch/middleware/show_exceptions.rb:31:in `call'
railties (5.1.4) lib/rails/rack/logger.rb:36:in `call_app'
railties (5.1.4) lib/rails/rack/logger.rb:24:in `block in call'
activesupport (5.1.4) lib/active_support/tagged_logging.rb:69:in `block in tagged'
activesupport (5.1.4) lib/active_support/tagged_logging.rb:26:in `tagged'
activesupport (5.1.4) lib/active_support/tagged_logging.rb:69:in `tagged'
railties (5.1.4) lib/rails/rack/logger.rb:24:in `call'
sprockets-rails (3.2.1) lib/sprockets/rails/quiet_assets.rb:13:in `call'
actionpack (5.1.4) lib/action_dispatch/middleware/remote_ip.rb:79:in `call'
actionpack (5.1.4) lib/action_dispatch/middleware/request_id.rb:25:in `call'
rack (2.0.3) lib/rack/method_override.rb:22:in `call'
rack (2.0.3) lib/rack/runtime.rb:22:in `call'
activesupport (5.1.4) lib/active_support/cache/strategy/local_cache_middleware.rb:27:in `call'
actionpack (5.1.4) lib/action_dispatch/middleware/executor.rb:12:in `call'
actionpack (5.1.4) lib/action_dispatch/middleware/static.rb:125:in `call'
rack (2.0.3) lib/rack/sendfile.rb:111:in `call'
railties (5.1.4) lib/rails/engine.rb:522:in `call'
puma (3.11.2) lib/puma/configuration.rb:225:in `call'
puma (3.11.2) lib/puma/server.rb:624:in `handle_request'
puma (3.11.2) lib/puma/server.rb:438:in `process_client'
puma (3.11.2) lib/puma/server.rb:302:in `block in run'
puma (3.11.2) lib/puma/thread_pool.rb:120:in `block in spawn_thread'
Started POST "/projects" for 127.0.0.1 at 2018-01-24 12:02:50 +1100
Processing by ProjectsController#create as HTML
  Parameters: {"title"=>"Rails", "button"=>""}
Can't verify CSRF token authenticity.
Completed 422 Unprocessable Entity in 6ms (ActiveRecord: 0.0ms)


  
ActionController::InvalidAuthenticityToken (ActionController::InvalidAuthenticityToken):
  
actionpack (5.1.4) lib/action_controller/metal/request_forgery_protection.rb:195:in `handle_unverified_request'
actionpack (5.1.4) lib/action_controller/metal/request_forgery_protection.rb:227:in `handle_unverified_request'
actionpack (5.1.4) lib/action_controller/metal/request_forgery_protection.rb:222:in `verify_authenticity_token'
activesupport (5.1.4) lib/active_support/callbacks.rb:413:in `block in make_lambda'
activesupport (5.1.4) lib/active_support/callbacks.rb:197:in `block (2 levels) in halting'
actionpack (5.1.4) lib/abstract_controller/callbacks.rb:12:in `block (2 levels) in <module:Callbacks>'
activesupport (5.1.4) lib/active_support/callbacks.rb:198:in `block in halting'
activesupport (5.1.4) lib/active_support/callbacks.rb:507:in `block in invoke_before'
activesupport (5.1.4) lib/active_support/callbacks.rb:507:in `each'
activesupport (5.1.4) lib/active_support/callbacks.rb:507:in `invoke_before'
activesupport (5.1.4) lib/active_support/callbacks.rb:130:in `run_callbacks'
actionpack (5.1.4) lib/abstract_controller/callbacks.rb:19:in `process_action'
actionpack (5.1.4) lib/action_controller/metal/rescue.rb:20:in `process_action'
actionpack (5.1.4) lib/action_controller/metal/instrumentation.rb:32:in `block in process_action'
activesupport (5.1.4) lib/active_support/notifications.rb:166:in `block in instrument'
activesupport (5.1.4) lib/active_support/notifications/instrumenter.rb:21:in `instrument'
activesupport (5.1.4) lib/active_support/notifications.rb:166:in `instrument'
actionpack (5.1.4) lib/action_controller/metal/instrumentation.rb:30:in `process_action'
actionpack (5.1.4) lib/action_controller/metal/params_wrapper.rb:252:in `process_action'
activerecord (5.1.4) lib/active_record/railties/controller_runtime.rb:22:in `process_action'
actionpack (5.1.4) lib/abstract_controller/base.rb:124:in `process'
actionview (5.1.4) lib/action_view/rendering.rb:30:in `process'
actionpack (5.1.4) lib/action_controller/metal.rb:189:in `dispatch'
actionpack (5.1.4) lib/action_controller/metal.rb:253:in `dispatch'
actionpack (5.1.4) lib/action_dispatch/routing/route_set.rb:49:in `dispatch'
actionpack (5.1.4) lib/action_dispatch/routing/route_set.rb:31:in `serve'
actionpack (5.1.4) lib/action_dispatch/journey/router.rb:50:in `block in serve'
actionpack (5.1.4) lib/action_dispatch/journey/router.rb:33:in `each'
actionpack (5.1.4) lib/action_dispatch/journey/router.rb:33:in `serve'
actionpack (5.1.4) lib/action_dispatch/routing/route_set.rb:834:in `call'
rack (2.0.3) lib/rack/etag.rb:25:in `call'
rack (2.0.3) lib/rack/conditional_get.rb:38:in `call'
rack (2.0.3) lib/rack/head.rb:12:in `call'
rack (2.0.3) lib/rack/session/abstract/id.rb:232:in `context'
rack (2.0.3) lib/rack/session/abstract/id.rb:226:in `call'
actionpack (5.1.4) lib/action_dispatch/middleware/cookies.rb:613:in `call'
activerecord (5.1.4) lib/active_record/migration.rb:556:in `call'
actionpack (5.1.4) lib/action_dispatch/middleware/callbacks.rb:26:in `block in call'
activesupport (5.1.4) lib/active_support/callbacks.rb:97:in `run_callbacks'
actionpack (5.1.4) lib/action_dispatch/middleware/callbacks.rb:24:in `call'
actionpack (5.1.4) lib/action_dispatch/middleware/executor.rb:12:in `call'
actionpack (5.1.4) lib/action_dispatch/middleware/debug_exceptions.rb:59:in `call'
web-console (3.5.1) lib/web_console/middleware.rb:135:in `call_app'
web-console (3.5.1) lib/web_console/middleware.rb:28:in `block in call'
web-console (3.5.1) lib/web_console/middleware.rb:18:in `catch'
web-console (3.5.1) lib/web_console/middleware.rb:18:in `call'
actionpack (5.1.4) lib/action_dispatch/middleware/show_exceptions.rb:31:in `call'
railties (5.1.4) lib/rails/rack/logger.rb:36:in `call_app'
railties (5.1.4) lib/rails/rack/logger.rb:24:in `block in call'
activesupport (5.1.4) lib/active_support/tagged_logging.rb:69:in `block in tagged'
activesupport (5.1.4) lib/active_support/tagged_logging.rb:26:in `tagged'
activesupport (5.1.4) lib/active_support/tagged_logging.rb:69:in `tagged'
railties (5.1.4) lib/rails/rack/logger.rb:24:in `call'
sprockets-rails (3.2.1) lib/sprockets/rails/quiet_assets.rb:13:in `call'
actionpack (5.1.4) lib/action_dispatch/middleware/remote_ip.rb:79:in `call'
actionpack (5.1.4) lib/action_dispatch/middleware/request_id.rb:25:in `call'
rack (2.0.3) lib/rack/method_override.rb:22:in `call'
rack (2.0.3) lib/rack/runtime.rb:22:in `call'
activesupport (5.1.4) lib/active_support/cache/strategy/local_cache_middleware.rb:27:in `call'
actionpack (5.1.4) lib/action_dispatch/middleware/executor.rb:12:in `call'
actionpack (5.1.4) lib/action_dispatch/middleware/static.rb:125:in `call'
rack (2.0.3) lib/rack/sendfile.rb:111:in `call'
railties (5.1.4) lib/rails/engine.rb:522:in `call'
puma (3.11.2) lib/puma/configuration.rb:225:in `call'
puma (3.11.2) lib/puma/server.rb:624:in `handle_request'
puma (3.11.2) lib/puma/server.rb:438:in `process_client'
puma (3.11.2) lib/puma/server.rb:302:in `block in run'
puma (3.11.2) lib/puma/thread_pool.rb:120:in `block in spawn_thread'
Started POST "/projects" for 127.0.0.1 at 2018-01-24 12:02:58 +1100
Processing by ProjectsController#create as HTML
  Parameters: {"title"=>"Rails", "button"=>""}
Can't verify CSRF token authenticity.
Completed 422 Unprocessable Entity in 2ms (ActiveRecord: 0.0ms)


  
ActionController::InvalidAuthenticityToken (ActionController::InvalidAuthenticityToken):
  
actionpack (5.1.4) lib/action_controller/metal/request_forgery_protection.rb:195:in `handle_unverified_request'
actionpack (5.1.4) lib/action_controller/metal/request_forgery_protection.rb:227:in `handle_unverified_request'
actionpack (5.1.4) lib/action_controller/metal/request_forgery_protection.rb:222:in `verify_authenticity_token'
activesupport (5.1.4) lib/active_support/callbacks.rb:413:in `block in make_lambda'
activesupport (5.1.4) lib/active_support/callbacks.rb:197:in `block (2 levels) in halting'
actionpack (5.1.4) lib/abstract_controller/callbacks.rb:12:in `block (2 levels) in <module:Callbacks>'
activesupport (5.1.4) lib/active_support/callbacks.rb:198:in `block in halting'
activesupport (5.1.4) lib/active_support/callbacks.rb:507:in `block in invoke_before'
activesupport (5.1.4) lib/active_support/callbacks.rb:507:in `each'
activesupport (5.1.4) lib/active_support/callbacks.rb:507:in `invoke_before'
activesupport (5.1.4) lib/active_support/callbacks.rb:130:in `run_callbacks'
actionpack (5.1.4) lib/abstract_controller/callbacks.rb:19:in `process_action'
actionpack (5.1.4) lib/action_controller/metal/rescue.rb:20:in `process_action'
actionpack (5.1.4) lib/action_controller/metal/instrumentation.rb:32:in `block in process_action'
activesupport (5.1.4) lib/active_support/notifications.rb:166:in `block in instrument'
activesupport (5.1.4) lib/active_support/notifications/instrumenter.rb:21:in `instrument'
activesupport (5.1.4) lib/active_support/notifications.rb:166:in `instrument'
actionpack (5.1.4) lib/action_controller/metal/instrumentation.rb:30:in `process_action'
actionpack (5.1.4) lib/action_controller/metal/params_wrapper.rb:252:in `process_action'
activerecord (5.1.4) lib/active_record/railties/controller_runtime.rb:22:in `process_action'
actionpack (5.1.4) lib/abstract_controller/base.rb:124:in `process'
actionview (5.1.4) lib/action_view/rendering.rb:30:in `process'
actionpack (5.1.4) lib/action_controller/metal.rb:189:in `dispatch'
actionpack (5.1.4) lib/action_controller/metal.rb:253:in `dispatch'
actionpack (5.1.4) lib/action_dispatch/routing/route_set.rb:49:in `dispatch'
actionpack (5.1.4) lib/action_dispatch/routing/route_set.rb:31:in `serve'
actionpack (5.1.4) lib/action_dispatch/journey/router.rb:50:in `block in serve'
actionpack (5.1.4) lib/action_dispatch/journey/router.rb:33:in `each'
actionpack (5.1.4) lib/action_dispatch/journey/router.rb:33:in `serve'
actionpack (5.1.4) lib/action_dispatch/routing/route_set.rb:834:in `call'
rack (2.0.3) lib/rack/etag.rb:25:in `call'
rack (2.0.3) lib/rack/conditional_get.rb:38:in `call'
rack (2.0.3) lib/rack/head.rb:12:in `call'
rack (2.0.3) lib/rack/session/abstract/id.rb:232:in `context'
rack (2.0.3) lib/rack/session/abstract/id.rb:226:in `call'
actionpack (5.1.4) lib/action_dispatch/middleware/cookies.rb:613:in `call'
activerecord (5.1.4) lib/active_record/migration.rb:556:in `call'
actionpack (5.1.4) lib/action_dispatch/middleware/callbacks.rb:26:in `block in call'
activesupport (5.1.4) lib/active_support/callbacks.rb:97:in `run_callbacks'
actionpack (5.1.4) lib/action_dispatch/middleware/callbacks.rb:24:in `call'
actionpack (5.1.4) lib/action_dispatch/middleware/executor.rb:12:in `call'
actionpack (5.1.4) lib/action_dispatch/middleware/debug_exceptions.rb:59:in `call'
web-console (3.5.1) lib/web_console/middleware.rb:135:in `call_app'
web-console (3.5.1) lib/web_console/middleware.rb:28:in `block in call'
web-console (3.5.1) lib/web_console/middleware.rb:18:in `catch'
web-console (3.5.1) lib/web_console/middleware.rb:18:in `call'
actionpack (5.1.4) lib/action_dispatch/middleware/show_exceptions.rb:31:in `call'
railties (5.1.4) lib/rails/rack/logger.rb:36:in `call_app'
railties (5.1.4) lib/rails/rack/logger.rb:24:in `block in call'
activesupport (5.1.4) lib/active_support/tagged_logging.rb:69:in `block in tagged'
activesupport (5.1.4) lib/active_support/tagged_logging.rb:26:in `tagged'
activesupport (5.1.4) lib/active_support/tagged_logging.rb:69:in `tagged'
railties (5.1.4) lib/rails/rack/logger.rb:24:in `call'
sprockets-rails (3.2.1) lib/sprockets/rails/quiet_assets.rb:13:in `call'
actionpack (5.1.4) lib/action_dispatch/middleware/remote_ip.rb:79:in `call'
actionpack (5.1.4) lib/action_dispatch/middleware/request_id.rb:25:in `call'
rack (2.0.3) lib/rack/method_override.rb:22:in `call'
rack (2.0.3) lib/rack/runtime.rb:22:in `call'
activesupport (5.1.4) lib/active_support/cache/strategy/local_cache_middleware.rb:27:in `call'
actionpack (5.1.4) lib/action_dispatch/middleware/executor.rb:12:in `call'
actionpack (5.1.4) lib/action_dispatch/middleware/static.rb:125:in `call'
rack (2.0.3) lib/rack/sendfile.rb:111:in `call'
railties (5.1.4) lib/rails/engine.rb:522:in `call'
puma (3.11.2) lib/puma/configuration.rb:225:in `call'
puma (3.11.2) lib/puma/server.rb:624:in `handle_request'
puma (3.11.2) lib/puma/server.rb:438:in `process_client'
puma (3.11.2) lib/puma/server.rb:302:in `block in run'
puma (3.11.2) lib/puma/thread_pool.rb:120:in `block in spawn_thread'
  [1m[35m (2.2ms)[0m  [1m[34mSELECT pg_try_advisory_lock(5490135169876955430)[0m
  [1m[35m (3.2ms)[0m  [1m[34mSELECT "schema_migrations"."version" FROM "schema_migrations" ORDER BY "schema_migrations"."version" ASC[0m
Migrating to AddPreviewToProjects (20180124011256)
  [1m[35m (0.9ms)[0m  [1m[35mBEGIN[0m
  [1m[35m (141.2ms)[0m  [1m[35mALTER TABLE "projects" ADD "preview" character varying[0m
  [1m[35mSQL (4.0ms)[0m  [1m[32mINSERT INTO "schema_migrations" ("version") VALUES ($1) RETURNING "version"[0m  [["version", "20180124011256"]]
  [1m[35m (4.0ms)[0m  [1m[35mCOMMIT[0m
  [1m[36mActiveRecord::InternalMetadata Load (2.9ms)[0m  [1m[34mSELECT  "ar_internal_metadata".* FROM "ar_internal_metadata" WHERE "ar_internal_metadata"."key" = $1 LIMIT $2[0m  [["key", "environment"], ["LIMIT", 1]]
  [1m[35m (0.3ms)[0m  [1m[35mBEGIN[0m
  [1m[35m (0.3ms)[0m  [1m[35mCOMMIT[0m
  [1m[35m (0.4ms)[0m  [1m[34mSELECT pg_advisory_unlock(5490135169876955430)[0m
  [1m[35m (0.6ms)[0m  [1m[34mSELECT "schema_migrations"."version" FROM "schema_migrations" ORDER BY "schema_migrations"."version" ASC[0m
Started GET "/projects" for 127.0.0.1 at 2018-01-24 12:21:07 +1100
  [1m[35m (2.3ms)[0m  [1m[34mSELECT "schema_migrations"."version" FROM "schema_migrations" ORDER BY "schema_migrations"."version" ASC[0m
  
ActionController::RoutingError (No route matches [GET] "/projects"):
  
actionpack (5.1.4) lib/action_dispatch/middleware/debug_exceptions.rb:63:in `call'
web-console (3.5.1) lib/web_console/middleware.rb:135:in `call_app'
web-console (3.5.1) lib/web_console/middleware.rb:28:in `block in call'
web-console (3.5.1) lib/web_console/middleware.rb:18:in `catch'
web-console (3.5.1) lib/web_console/middleware.rb:18:in `call'
actionpack (5.1.4) lib/action_dispatch/middleware/show_exceptions.rb:31:in `call'
railties (5.1.4) lib/rails/rack/logger.rb:36:in `call_app'
railties (5.1.4) lib/rails/rack/logger.rb:24:in `block in call'
activesupport (5.1.4) lib/active_support/tagged_logging.rb:69:in `block in tagged'
activesupport (5.1.4) lib/active_support/tagged_logging.rb:26:in `tagged'
activesupport (5.1.4) lib/active_support/tagged_logging.rb:69:in `tagged'
railties (5.1.4) lib/rails/rack/logger.rb:24:in `call'
sprockets-rails (3.2.1) lib/sprockets/rails/quiet_assets.rb:13:in `call'
actionpack (5.1.4) lib/action_dispatch/middleware/remote_ip.rb:79:in `call'
actionpack (5.1.4) lib/action_dispatch/middleware/request_id.rb:25:in `call'
rack (2.0.3) lib/rack/method_override.rb:22:in `call'
rack (2.0.3) lib/rack/runtime.rb:22:in `call'
activesupport (5.1.4) lib/active_support/cache/strategy/local_cache_middleware.rb:27:in `call'
actionpack (5.1.4) lib/action_dispatch/middleware/executor.rb:12:in `call'
actionpack (5.1.4) lib/action_dispatch/middleware/static.rb:125:in `call'
rack (2.0.3) lib/rack/sendfile.rb:111:in `call'
railties (5.1.4) lib/rails/engine.rb:522:in `call'
puma (3.11.2) lib/puma/configuration.rb:225:in `call'
puma (3.11.2) lib/puma/server.rb:624:in `handle_request'
puma (3.11.2) lib/puma/server.rb:438:in `process_client'
puma (3.11.2) lib/puma/server.rb:302:in `block in run'
puma (3.11.2) lib/puma/thread_pool.rb:120:in `block in spawn_thread'
Started GET "/projects/new" for 127.0.0.1 at 2018-01-24 12:21:18 +1100
Processing by ProjectsController#new as HTML
  Rendering projects/new.html.erb within layouts/application
  Rendered projects/new.html.erb within layouts/application (1.1ms)
Completed 200 OK in 395ms (Views: 389.8ms | ActiveRecord: 0.0ms)


Started POST "/projects" for 127.0.0.1 at 2018-01-24 12:21:23 +1100
Processing by ProjectsController#create as HTML
  Parameters: {"authenticity_token"=>"Sgcu/fgyDDTTe4IlypAta18gTXG2FxMQ/apVOvFep2XknZnJIHn5C+7YAn6HQJ0Y+0zd1wgVNvxe5fC8y3Aw9w==", "title"=>"123", "button"=>""}
  [1m[35m (0.3ms)[0m  [1m[35mBEGIN[0m
  [1m[35mSQL (7.6ms)[0m  [1m[32mINSERT INTO "projects" ("title", "user_id", "created_at", "updated_at") VALUES ($1, $2, $3, $4) RETURNING "id"[0m  [["title", "123"], ["user_id", 3], ["created_at", "2018-01-24 01:21:23.221282"], ["updated_at", "2018-01-24 01:21:23.221282"]]
  [1m[35m (1.2ms)[0m  [1m[35mCOMMIT[0m
Redirected to http://localhost:3000/
Completed 302 Found in 103ms (ActiveRecord: 51.1ms)


Started GET "/" for 127.0.0.1 at 2018-01-24 12:21:23 +1100
Processing by PagesController#home as HTML
  Rendering pages/home.html.erb within layouts/application
  [1m[36mProject Load (0.7ms)[0m  [1m[34mSELECT "projects".* FROM "projects"[0m
  Rendered pages/home.html.erb within layouts/application (5.5ms)
Completed 200 OK in 55ms (Views: 49.7ms | ActiveRecord: 0.7ms)


  [1m[36mProject Load (1.4ms)[0m  [1m[34mSELECT "projects".* FROM "projects"[0m
Started GET "/projects/new" for 127.0.0.1 at 2018-01-24 12:33:27 +1100
  [1m[35m (2.2ms)[0m  [1m[34mSELECT "schema_migrations"."version" FROM "schema_migrations" ORDER BY "schema_migrations"."version" ASC[0m
Processing by ProjectsController#new as HTML
  Rendering projects/new.html.erb within layouts/application
  Rendered projects/new.html.erb within layouts/application (47.5ms)
Completed 200 OK in 941ms (Views: 936.1ms | ActiveRecord: 0.0ms)


Started POST "/projects" for 127.0.0.1 at 2018-01-24 12:34:37 +1100
Processing by ProjectsController#create as HTML
  Parameters: {"authenticity_token"=>"Xr+UB2n1m+D+5r3xrtdxDcxMUfiWfmPUP/kExlb9CcHwJSMzsb5u38NFParjB8F+aCDBXih8RjictqFAbNOeUw==", "title"=>"Poster", "button"=>""}
  [1m[35m (0.4ms)[0m  [1m[35mBEGIN[0m
  [1m[35mSQL (4.0ms)[0m  [1m[32mINSERT INTO "projects" ("title", "user_id", "created_at", "updated_at") VALUES ($1, $2, $3, $4) RETURNING "id"[0m  [["title", "Poster"], ["user_id", 3], ["created_at", "2018-01-24 01:34:37.549370"], ["updated_at", "2018-01-24 01:34:37.549370"]]
  [1m[35m (1.4ms)[0m  [1m[35mCOMMIT[0m
Redirected to http://localhost:3000/
Completed 302 Found in 218ms (ActiveRecord: 32.6ms)


Started GET "/" for 127.0.0.1 at 2018-01-24 12:34:37 +1100
Processing by PagesController#home as HTML
  Rendering pages/home.html.erb within layouts/application
  [1m[36mProject Load (0.8ms)[0m  [1m[34mSELECT "projects".* FROM "projects"[0m
  Rendered pages/home.html.erb within layouts/application (13.0ms)
Completed 200 OK in 562ms (Views: 551.0ms | ActiveRecord: 0.8ms)


Started GET "/" for 127.0.0.1 at 2018-01-24 12:44:34 +1100
Processing by PagesController#home as HTML
  Rendering pages/home.html.erb within layouts/application
  [1m[36mProject Load (1.9ms)[0m  [1m[34mSELECT "projects".* FROM "projects"[0m
  Rendered pages/home.html.erb within layouts/application (78.5ms)
Completed 200 OK in 470ms (Views: 387.2ms | ActiveRecord: 17.1ms)


Started GET "/projects/new" for 127.0.0.1 at 2018-01-24 12:44:51 +1100
Processing by ProjectsController#new as HTML
  Rendering projects/new.html.erb within layouts/application
  Rendered projects/new.html.erb within layouts/application (1.3ms)
Completed 200 OK in 59ms (Views: 54.7ms | ActiveRecord: 0.0ms)


Started POST "/projects" for 127.0.0.1 at 2018-01-24 12:45:02 +1100
Processing by ProjectsController#create as HTML
  Parameters: {"authenticity_token"=>"sdaN36DJtKb135jW2C1vlfLbv7UjWMZ3BfbuTxAm7XAfTDrreIJBmch8GI2V/d/mVrcvE51a45umuUvJKgh64g==", "title"=>"movie", "button"=>""}
  [1m[35m (0.7ms)[0m  [1m[35mBEGIN[0m
  [1m[35mSQL (9.5ms)[0m  [1m[32mINSERT INTO "projects" ("title", "user_id", "created_at", "updated_at") VALUES ($1, $2, $3, $4) RETURNING "id"[0m  [["title", "movie"], ["user_id", 3], ["created_at", "2018-01-24 01:45:02.865641"], ["updated_at", "2018-01-24 01:45:02.865641"]]
  [1m[35m (1.4ms)[0m  [1m[35mCOMMIT[0m
Redirected to http://localhost:3000/
Completed 302 Found in 67ms (ActiveRecord: 11.6ms)


Started GET "/" for 127.0.0.1 at 2018-01-24 12:45:02 +1100
Processing by PagesController#home as HTML
  Rendering pages/home.html.erb within layouts/application
  [1m[36mProject Load (0.6ms)[0m  [1m[34mSELECT "projects".* FROM "projects"[0m
  Rendered pages/home.html.erb within layouts/application (8.3ms)
Completed 200 OK in 104ms (Views: 92.3ms | ActiveRecord: 0.6ms)


  [1m[36mProject Load (1.2ms)[0m  [1m[34mSELECT  "projects".* FROM "projects" ORDER BY "projects"."id" DESC LIMIT $1[0m  [["LIMIT", 1]]
Started GET "/projects/new" for 127.0.0.1 at 2018-01-24 12:47:15 +1100
  [1m[35m (2.5ms)[0m  [1m[34mSELECT "schema_migrations"."version" FROM "schema_migrations" ORDER BY "schema_migrations"."version" ASC[0m
Processing by ProjectsController#new as HTML
  Rendering projects/new.html.erb within layouts/application
  Rendered projects/new.html.erb within layouts/application (18.5ms)
Completed 200 OK in 402ms (Views: 396.7ms | ActiveRecord: 0.0ms)


Started POST "/projects" for 127.0.0.1 at 2018-01-24 12:47:29 +1100
Processing by ProjectsController#create as HTML
  Parameters: {"authenticity_token"=>"ntrAeKjcZ9096gOCZS0QnpOkJeFRpR1MmHVUEgbLCyowQHdMcJeS4gBJg9ko/aDtN8i1R++nOKA7OvGUPOWcuA==", "title"=>"sample", "preview"=>"13.jpg", "button"=>""}
  [1m[35m (0.8ms)[0m  [1m[35mBEGIN[0m
  [1m[35mSQL (2.3ms)[0m  [1m[32mINSERT INTO "projects" ("title", "user_id", "created_at", "updated_at", "preview") VALUES ($1, $2, $3, $4, $5) RETURNING "id"[0m  [["title", "sample"], ["user_id", 3], ["created_at", "2018-01-24 01:47:29.692369"], ["updated_at", "2018-01-24 01:47:29.692369"], ["preview", nil]]
  [1m[35m (1.6ms)[0m  [1m[35mCOMMIT[0m
Redirected to http://localhost:3000/
Completed 302 Found in 52ms (ActiveRecord: 20.8ms)


Started GET "/" for 127.0.0.1 at 2018-01-24 12:47:29 +1100
Processing by PagesController#home as HTML
  Rendering pages/home.html.erb within layouts/application
  [1m[36mProject Load (0.6ms)[0m  [1m[34mSELECT "projects".* FROM "projects"[0m
  Rendered pages/home.html.erb within layouts/application (5.6ms)
Completed 200 OK in 120ms (Views: 115.5ms | ActiveRecord: 0.6ms)


  [1m[36mProject Load (0.8ms)[0m  [1m[34mSELECT  "projects".* FROM "projects" ORDER BY "projects"."id" DESC LIMIT $1[0m  [["LIMIT", 1]]
Started GET "/projects" for 127.0.0.1 at 2018-01-24 12:53:18 +1100
  [1m[35m (2.5ms)[0m  [1m[34mSELECT "schema_migrations"."version" FROM "schema_migrations" ORDER BY "schema_migrations"."version" ASC[0m
  
ActionController::RoutingError (No route matches [GET] "/projects"):
  
actionpack (5.1.4) lib/action_dispatch/middleware/debug_exceptions.rb:63:in `call'
web-console (3.5.1) lib/web_console/middleware.rb:135:in `call_app'
web-console (3.5.1) lib/web_console/middleware.rb:28:in `block in call'
web-console (3.5.1) lib/web_console/middleware.rb:18:in `catch'
web-console (3.5.1) lib/web_console/middleware.rb:18:in `call'
actionpack (5.1.4) lib/action_dispatch/middleware/show_exceptions.rb:31:in `call'
railties (5.1.4) lib/rails/rack/logger.rb:36:in `call_app'
railties (5.1.4) lib/rails/rack/logger.rb:24:in `block in call'
activesupport (5.1.4) lib/active_support/tagged_logging.rb:69:in `block in tagged'
activesupport (5.1.4) lib/active_support/tagged_logging.rb:26:in `tagged'
activesupport (5.1.4) lib/active_support/tagged_logging.rb:69:in `tagged'
railties (5.1.4) lib/rails/rack/logger.rb:24:in `call'
sprockets-rails (3.2.1) lib/sprockets/rails/quiet_assets.rb:13:in `call'
actionpack (5.1.4) lib/action_dispatch/middleware/remote_ip.rb:79:in `call'
actionpack (5.1.4) lib/action_dispatch/middleware/request_id.rb:25:in `call'
rack (2.0.3) lib/rack/method_override.rb:22:in `call'
rack (2.0.3) lib/rack/runtime.rb:22:in `call'
activesupport (5.1.4) lib/active_support/cache/strategy/local_cache_middleware.rb:27:in `call'
actionpack (5.1.4) lib/action_dispatch/middleware/executor.rb:12:in `call'
actionpack (5.1.4) lib/action_dispatch/middleware/static.rb:125:in `call'
rack (2.0.3) lib/rack/sendfile.rb:111:in `call'
railties (5.1.4) lib/rails/engine.rb:522:in `call'
puma (3.11.2) lib/puma/configuration.rb:225:in `call'
puma (3.11.2) lib/puma/server.rb:624:in `handle_request'
puma (3.11.2) lib/puma/server.rb:438:in `process_client'
puma (3.11.2) lib/puma/server.rb:302:in `block in run'
puma (3.11.2) lib/puma/thread_pool.rb:120:in `block in spawn_thread'
Started GET "/" for 127.0.0.1 at 2018-01-24 12:53:23 +1100
Processing by PagesController#home as HTML
  Rendering pages/home.html.erb within layouts/application
  [1m[36mProject Load (1.1ms)[0m  [1m[34mSELECT "projects".* FROM "projects"[0m
  Rendered pages/home.html.erb within layouts/application (42.4ms)
Completed 200 OK in 1055ms (Views: 1029.0ms | ActiveRecord: 12.5ms)


Started GET "/projects/new" for 127.0.0.1 at 2018-01-24 12:53:37 +1100
Processing by ProjectsController#new as HTML
  Rendering projects/new.html.erb within layouts/application
  Rendered projects/new.html.erb within layouts/application (1.9ms)
Completed 200 OK in 60ms (Views: 55.4ms | ActiveRecord: 0.0ms)


Started POST "/projects" for 127.0.0.1 at 2018-01-24 12:53:47 +1100
Processing by ProjectsController#create as HTML
  Parameters: {"authenticity_token"=>"zH8aqBtn+RmllPHspHQ39F9Zw7+SydWk61WLGrNZ0sZi5a2cwywMJpg3cbfppIeH+zVTGSzL8EhIGi6ciXdFVA==", "title"=>"lab", "preview"=>#<ActionDispatch::Http::UploadedFile:0x00007fafc1cb23e8 @tempfile=#<Tempfile:/var/folders/65/0d2639l94kbg2rd4wl_1891m0000gp/T/RackMultipart20180124-11371-f8k9aw.jpg>, @original_filename="5.jpg", @content_type="image/jpeg", @headers="Content-Disposition: form-data; name=\"preview\"; filename=\"5.jpg\"\r\nContent-Type: image/jpeg\r\n">, "button"=>""}
  [1m[35m (0.5ms)[0m  [1m[35mBEGIN[0m
  [1m[35mSQL (9.4ms)[0m  [1m[32mINSERT INTO "projects" ("title", "user_id", "created_at", "updated_at", "preview") VALUES ($1, $2, $3, $4, $5) RETURNING "id"[0m  [["title", "lab"], ["user_id", 3], ["created_at", "2018-01-24 01:53:47.561420"], ["updated_at", "2018-01-24 01:53:47.561420"], ["preview", "5.jpg"]]
  [1m[35m (1.8ms)[0m  [1m[35mCOMMIT[0m
Redirected to http://localhost:3000/
Completed 302 Found in 310ms (ActiveRecord: 11.7ms)


Started GET "/" for 127.0.0.1 at 2018-01-24 12:53:47 +1100
Processing by PagesController#home as HTML
  Rendering pages/home.html.erb within layouts/application
  [1m[36mProject Load (1.3ms)[0m  [1m[34mSELECT "projects".* FROM "projects"[0m
  Rendered pages/home.html.erb within layouts/application (67.0ms)
Completed 200 OK in 170ms (Views: 147.8ms | ActiveRecord: 16.4ms)


Started GET "/" for 127.0.0.1 at 2018-01-24 15:29:28 +1100
  [1m[35m (7.9ms)[0m  [1m[34mSELECT "schema_migrations"."version" FROM "schema_migrations" ORDER BY "schema_migrations"."version" ASC[0m
Processing by PagesController#home as HTML
  Rendering pages/home.html.erb within layouts/application
  [1m[36mProject Load (5.2ms)[0m  [1m[34mSELECT "projects".* FROM "projects"[0m
  Rendered pages/home.html.erb within layouts/application (66.1ms)
Completed 200 OK in 653ms (Views: 603.6ms | ActiveRecord: 26.8ms)


Started GET "/" for 127.0.0.1 at 2018-01-24 15:29:31 +1100
Processing by PagesController#home as HTML
  Rendering pages/home.html.erb within layouts/application
  [1m[36mProject Load (0.6ms)[0m  [1m[34mSELECT "projects".* FROM "projects"[0m
  Rendered pages/home.html.erb within layouts/application (4.1ms)
Completed 200 OK in 52ms (Views: 47.4ms | ActiveRecord: 0.6ms)


Started GET "/projects/new" for 127.0.0.1 at 2018-01-24 15:30:36 +1100
Processing by ProjectsController#new as HTML
  Rendering projects/new.html.erb within layouts/application
  Rendered projects/new.html.erb within layouts/application (11.6ms)
Completed 200 OK in 334ms (Views: 317.3ms | ActiveRecord: 0.0ms)


Started POST "/projects" for 127.0.0.1 at 2018-01-24 15:30:47 +1100
Processing by ProjectsController#create as HTML
  Parameters: {"authenticity_token"=>"b/dJ3s9HeDxYbQ1pwtn6pp2/JBS9obaJNA4VmTXxn4TBbf7qFwyNA2XOjTKPCUrVOdO0sgOjk2WXQbAfD98IFg==", "title"=>"haha", "preview"=>#<ActionDispatch::Http::UploadedFile:0x00007fa5eee8c4c0 @tempfile=#<Tempfile:/var/folders/65/0d2639l94kbg2rd4wl_1891m0000gp/T/RackMultipart20180124-18846-1tcq6zs.jpg>, @original_filename="15.jpg", @content_type="image/jpeg", @headers="Content-Disposition: form-data; name=\"preview\"; filename=\"15.jpg\"\r\nContent-Type: image/jpeg\r\n">, "button"=>""}
  [1m[35m (11.8ms)[0m  [1m[35mBEGIN[0m
  [1m[35mSQL (39.5ms)[0m  [1m[32mINSERT INTO "projects" ("title", "user_id", "created_at", "updated_at", "preview") VALUES ($1, $2, $3, $4, $5) RETURNING "id"[0m  [["title", "haha"], ["user_id", 3], ["created_at", "2018-01-24 04:30:47.711971"], ["updated_at", "2018-01-24 04:30:47.711971"], ["preview", "15.jpg"]]
  [1m[35m (8.6ms)[0m  [1m[31mROLLBACK[0m
Completed 500 Internal Server Error in 5860ms (ActiveRecord: 59.9ms)


  
Excon::Error::Forbidden (Expected(200) <=> Actual(403 Forbidden)
excon.error.response
  :body          => "<?xml version=\"1.0\" encoding=\"UTF-8\"?>\n<Error><Code>AccessDenied</Code><Message>Access Denied</Message><RequestId>A6343A761FE401D6</RequestId><HostId>CazUyC/QK4JpiVrEvMWMVBpRn8CozK6IlaRFitGtKqsAQcctrV6ENvcIw5Yc1h6QQUGpVk4ZmXc=</HostId></Error>"
  :cookies       => [
  ]
  :headers       => {
    "Connection"       => "close"
    "Content-Type"     => "application/xml"
    "Date"             => "Wed, 24 Jan 2018 04:30:53 GMT"
    "Server"           => "AmazonS3"
    "x-amz-id-2"       => "CazUyC/QK4JpiVrEvMWMVBpRn8CozK6IlaRFitGtKqsAQcctrV6ENvcIw5Yc1h6QQUGpVk4ZmXc="
    "x-amz-request-id" => "A6343A761FE401D6"
  }
  :host          => "copro-sp1.s3-us-west-1.amazonaws.com"
  :local_address => "10.1.4.65"
  :local_port    => 63638
  :path          => "/uploads/project/preview/26/15.jpg"
  :port          => 443
  :reason_phrase => "Forbidden"
  :remote_ip     => "52.219.20.96"
  :status        => 403
  :status_line   => "HTTP/1.1 403 Forbidden\r\n"
):
  
app/controllers/projects_controller.rb:13:in `create'
Started POST "/projects" for 127.0.0.1 at 2018-01-24 15:36:01 +1100
Processing by ProjectsController#create as HTML
  Parameters: {"authenticity_token"=>"b/dJ3s9HeDxYbQ1pwtn6pp2/JBS9obaJNA4VmTXxn4TBbf7qFwyNA2XOjTKPCUrVOdO0sgOjk2WXQbAfD98IFg==", "title"=>"haha", "preview"=>#<ActionDispatch::Http::UploadedFile:0x00007fa5f4031140 @tempfile=#<Tempfile:/var/folders/65/0d2639l94kbg2rd4wl_1891m0000gp/T/RackMultipart20180124-18846-2qtaoa.jpg>, @original_filename="15.jpg", @content_type="image/jpeg", @headers="Content-Disposition: form-data; name=\"preview\"; filename=\"15.jpg\"\r\nContent-Type: image/jpeg\r\n">, "button"=>""}
  [1m[35m (3.7ms)[0m  [1m[35mBEGIN[0m
  [1m[35mSQL (4.4ms)[0m  [1m[32mINSERT INTO "projects" ("title", "user_id", "created_at", "updated_at", "preview") VALUES ($1, $2, $3, $4, $5) RETURNING "id"[0m  [["title", "haha"], ["user_id", 3], ["created_at", "2018-01-24 04:36:01.709940"], ["updated_at", "2018-01-24 04:36:01.709940"], ["preview", "15.jpg"]]
  [1m[35m (1.6ms)[0m  [1m[35mCOMMIT[0m
Redirected to http://localhost:3000/
Completed 302 Found in 1895ms (ActiveRecord: 9.7ms)


Started GET "/" for 127.0.0.1 at 2018-01-24 15:36:03 +1100
Processing by PagesController#home as HTML
  Rendering pages/home.html.erb within layouts/application
  [1m[36mProject Load (1.0ms)[0m  [1m[34mSELECT "projects".* FROM "projects"[0m
  Rendered pages/home.html.erb within layouts/application (37.8ms)
Completed 200 OK in 363ms (Views: 355.0ms | ActiveRecord: 1.0ms)


Started GET "/" for 127.0.0.1 at 2018-01-24 16:17:40 +1100
  [1m[35m (3.4ms)[0m  [1m[34mSELECT "schema_migrations"."version" FROM "schema_migrations" ORDER BY "schema_migrations"."version" ASC[0m
Processing by PagesController#home as HTML
  Rendering pages/home.html.erb within layouts/application
  [1m[36mProject Load (3.7ms)[0m  [1m[34mSELECT "projects".* FROM "projects"[0m
  Rendered pages/home.html.erb within layouts/application (102.7ms)
Completed 200 OK in 1327ms (Views: 1259.6ms | ActiveRecord: 32.7ms)


Started GET "/rails/info" for 127.0.0.1 at 2018-01-24 16:17:48 +1100
Processing by Rails::InfoController#index as HTML
Redirected to http://localhost:3000/rails/info/routes
Completed 302 Found in 4ms (ActiveRecord: 0.0ms)


Started GET "/rails/info/routes" for 127.0.0.1 at 2018-01-24 16:17:48 +1100
Processing by Rails::InfoController#routes as HTML
  Rendering /Users/superpower1/.rvm/gems/ruby-2.4.3/gems/railties-5.1.4/lib/rails/templates/rails/info/routes.html.erb within layouts/application
  Rendered collection of /Users/superpower1/.rvm/gems/ruby-2.4.3/gems/actionpack-5.1.4/lib/action_dispatch/middleware/templates/routes/_route.html.erb [14 times] (58.0ms)
  Rendered /Users/superpower1/.rvm/gems/ruby-2.4.3/gems/actionpack-5.1.4/lib/action_dispatch/middleware/templates/routes/_table.html.erb (21.0ms)
  Rendered /Users/superpower1/.rvm/gems/ruby-2.4.3/gems/railties-5.1.4/lib/rails/templates/rails/info/routes.html.erb within layouts/application (125.5ms)
Completed 200 OK in 252ms (Views: 210.7ms | ActiveRecord: 0.0ms)


Started GET "/rails/info/routes?path=/p" for 127.0.0.1 at 2018-01-24 16:17:56 +1100
Processing by Rails::InfoController#routes as */*
  Parameters: {"path"=>"/p"}
Completed 200 OK in 13ms (Views: 3.0ms | ActiveRecord: 0.0ms)


