Started GET "/" for 127.0.0.1 at 2018-01-22 12:52:13 +1100
Processing by Rails::WelcomeController#index as HTML
  Rendering /Users/superpower1/.rvm/gems/ruby-2.4.3/gems/railties-5.1.4/lib/rails/templates/rails/welcome/index.html.erb
  Rendered /Users/superpower1/.rvm/gems/ruby-2.4.3/gems/railties-5.1.4/lib/rails/templates/rails/welcome/index.html.erb (9.0ms)
Completed 200 OK in 698ms (Views: 20.2ms)


Started GET "/some" for 127.0.0.1 at 2018-01-22 12:52:28 +1100
  
ActionController::RoutingError (No route matches [GET] "/some"):
  
actionpack (5.1.4) lib/action_dispatch/middleware/debug_exceptions.rb:63:in `call'
web-console (3.5.1) lib/web_console/middleware.rb:135:in `call_app'
web-console (3.5.1) lib/web_console/middleware.rb:28:in `block in call'
web-console (3.5.1) lib/web_console/middleware.rb:18:in `catch'
web-console (3.5.1) lib/web_console/middleware.rb:18:in `call'
actionpack (5.1.4) lib/action_dispatch/middleware/show_exceptions.rb:31:in `call'
railties (5.1.4) lib/rails/rack/logger.rb:36:in `call_app'
railties (5.1.4) lib/rails/rack/logger.rb:24:in `block in call'
activesupport (5.1.4) lib/active_support/tagged_logging.rb:69:in `block in tagged'
activesupport (5.1.4) lib/active_support/tagged_logging.rb:26:in `tagged'
activesupport (5.1.4) lib/active_support/tagged_logging.rb:69:in `tagged'
railties (5.1.4) lib/rails/rack/logger.rb:24:in `call'
sprockets-rails (3.2.1) lib/sprockets/rails/quiet_assets.rb:13:in `call'
actionpack (5.1.4) lib/action_dispatch/middleware/remote_ip.rb:79:in `call'
actionpack (5.1.4) lib/action_dispatch/middleware/request_id.rb:25:in `call'
rack (2.0.3) lib/rack/method_override.rb:22:in `call'
rack (2.0.3) lib/rack/runtime.rb:22:in `call'
activesupport (5.1.4) lib/active_support/cache/strategy/local_cache_middleware.rb:27:in `call'
actionpack (5.1.4) lib/action_dispatch/middleware/executor.rb:12:in `call'
actionpack (5.1.4) lib/action_dispatch/middleware/static.rb:125:in `call'
rack (2.0.3) lib/rack/sendfile.rb:111:in `call'
railties (5.1.4) lib/rails/engine.rb:522:in `call'
puma (3.11.2) lib/puma/configuration.rb:225:in `call'
puma (3.11.2) lib/puma/server.rb:624:in `handle_request'
puma (3.11.2) lib/puma/server.rb:438:in `process_client'
puma (3.11.2) lib/puma/server.rb:302:in `block in run'
puma (3.11.2) lib/puma/thread_pool.rb:120:in `block in spawn_thread'
Started GET "/some" for 127.0.0.1 at 2018-01-22 12:57:12 +1100
  
ActionController::RoutingError (No route matches [GET] "/some"):
  
actionpack (5.1.4) lib/action_dispatch/middleware/debug_exceptions.rb:63:in `call'
web-console (3.5.1) lib/web_console/middleware.rb:135:in `call_app'
web-console (3.5.1) lib/web_console/middleware.rb:28:in `block in call'
web-console (3.5.1) lib/web_console/middleware.rb:18:in `catch'
web-console (3.5.1) lib/web_console/middleware.rb:18:in `call'
actionpack (5.1.4) lib/action_dispatch/middleware/show_exceptions.rb:31:in `call'
railties (5.1.4) lib/rails/rack/logger.rb:36:in `call_app'
railties (5.1.4) lib/rails/rack/logger.rb:24:in `block in call'
activesupport (5.1.4) lib/active_support/tagged_logging.rb:69:in `block in tagged'
activesupport (5.1.4) lib/active_support/tagged_logging.rb:26:in `tagged'
activesupport (5.1.4) lib/active_support/tagged_logging.rb:69:in `tagged'
railties (5.1.4) lib/rails/rack/logger.rb:24:in `call'
sprockets-rails (3.2.1) lib/sprockets/rails/quiet_assets.rb:13:in `call'
actionpack (5.1.4) lib/action_dispatch/middleware/remote_ip.rb:79:in `call'
actionpack (5.1.4) lib/action_dispatch/middleware/request_id.rb:25:in `call'
rack (2.0.3) lib/rack/method_override.rb:22:in `call'
rack (2.0.3) lib/rack/runtime.rb:22:in `call'
activesupport (5.1.4) lib/active_support/cache/strategy/local_cache_middleware.rb:27:in `call'
actionpack (5.1.4) lib/action_dispatch/middleware/executor.rb:12:in `call'
actionpack (5.1.4) lib/action_dispatch/middleware/static.rb:125:in `call'
rack (2.0.3) lib/rack/sendfile.rb:111:in `call'
railties (5.1.4) lib/rails/engine.rb:522:in `call'
puma (3.11.2) lib/puma/configuration.rb:225:in `call'
puma (3.11.2) lib/puma/server.rb:624:in `handle_request'
puma (3.11.2) lib/puma/server.rb:438:in `process_client'
puma (3.11.2) lib/puma/server.rb:302:in `block in run'
puma (3.11.2) lib/puma/thread_pool.rb:120:in `block in spawn_thread'
Started GET "/some" for 127.0.0.1 at 2018-01-22 13:03:05 +1100
  
ActionController::RoutingError (No route matches [GET] "/some"):
  
actionpack (5.1.4) lib/action_dispatch/middleware/debug_exceptions.rb:63:in `call'
web-console (3.5.1) lib/web_console/middleware.rb:135:in `call_app'
web-console (3.5.1) lib/web_console/middleware.rb:28:in `block in call'
web-console (3.5.1) lib/web_console/middleware.rb:18:in `catch'
web-console (3.5.1) lib/web_console/middleware.rb:18:in `call'
actionpack (5.1.4) lib/action_dispatch/middleware/show_exceptions.rb:31:in `call'
railties (5.1.4) lib/rails/rack/logger.rb:36:in `call_app'
railties (5.1.4) lib/rails/rack/logger.rb:24:in `block in call'
activesupport (5.1.4) lib/active_support/tagged_logging.rb:69:in `block in tagged'
activesupport (5.1.4) lib/active_support/tagged_logging.rb:26:in `tagged'
activesupport (5.1.4) lib/active_support/tagged_logging.rb:69:in `tagged'
railties (5.1.4) lib/rails/rack/logger.rb:24:in `call'
sprockets-rails (3.2.1) lib/sprockets/rails/quiet_assets.rb:13:in `call'
actionpack (5.1.4) lib/action_dispatch/middleware/remote_ip.rb:79:in `call'
actionpack (5.1.4) lib/action_dispatch/middleware/request_id.rb:25:in `call'
rack (2.0.3) lib/rack/method_override.rb:22:in `call'
rack (2.0.3) lib/rack/runtime.rb:22:in `call'
activesupport (5.1.4) lib/active_support/cache/strategy/local_cache_middleware.rb:27:in `call'
actionpack (5.1.4) lib/action_dispatch/middleware/executor.rb:12:in `call'
actionpack (5.1.4) lib/action_dispatch/middleware/static.rb:125:in `call'
rack (2.0.3) lib/rack/sendfile.rb:111:in `call'
railties (5.1.4) lib/rails/engine.rb:522:in `call'
puma (3.11.2) lib/puma/configuration.rb:225:in `call'
puma (3.11.2) lib/puma/server.rb:624:in `handle_request'
puma (3.11.2) lib/puma/server.rb:438:in `process_client'
puma (3.11.2) lib/puma/server.rb:302:in `block in run'
puma (3.11.2) lib/puma/thread_pool.rb:120:in `block in spawn_thread'
Started GET "/" for 127.0.0.1 at 2018-01-22 13:03:15 +1100
Processing by PagesController#home as HTML
  Rendering pages/home.html.erb within layouts/application
  Rendered pages/home.html.erb within layouts/application (0.5ms)
Completed 200 OK in 2230ms (Views: 2226.3ms)


Started GET "/rails/info" for 127.0.0.1 at 2018-01-22 14:18:49 +1100
Processing by Rails::InfoController#index as HTML
Redirected to http://localhost:3000/rails/info/routes
Completed 302 Found in 57ms


Started GET "/rails/info/routes" for 127.0.0.1 at 2018-01-22 14:18:49 +1100
Processing by Rails::InfoController#routes as HTML
  Rendering /Users/superpower1/.rvm/gems/ruby-2.4.3/gems/railties-5.1.4/lib/rails/templates/rails/info/routes.html.erb within layouts/application
  Rendered collection of /Users/superpower1/.rvm/gems/ruby-2.4.3/gems/actionpack-5.1.4/lib/action_dispatch/middleware/templates/routes/_route.html.erb [1 times] (22.8ms)
  Rendered /Users/superpower1/.rvm/gems/ruby-2.4.3/gems/actionpack-5.1.4/lib/action_dispatch/middleware/templates/routes/_table.html.erb (7.0ms)
  Rendered /Users/superpower1/.rvm/gems/ruby-2.4.3/gems/railties-5.1.4/lib/rails/templates/rails/info/routes.html.erb within layouts/application (60.0ms)
Completed 200 OK in 104ms (Views: 86.7ms)


Started GET "/rails/info/routes" for 127.0.0.1 at 2018-01-22 14:24:34 +1100
Processing by Rails::InfoController#routes as HTML
  Rendering /Users/superpower1/.rvm/gems/ruby-2.4.3/gems/railties-5.1.4/lib/rails/templates/rails/info/routes.html.erb within layouts/application
  Rendered collection of /Users/superpower1/.rvm/gems/ruby-2.4.3/gems/actionpack-5.1.4/lib/action_dispatch/middleware/templates/routes/_route.html.erb [2 times] (25.6ms)
  Rendered /Users/superpower1/.rvm/gems/ruby-2.4.3/gems/actionpack-5.1.4/lib/action_dispatch/middleware/templates/routes/_table.html.erb (11.6ms)
  Rendered /Users/superpower1/.rvm/gems/ruby-2.4.3/gems/railties-5.1.4/lib/rails/templates/rails/info/routes.html.erb within layouts/application (69.4ms)
Completed 200 OK in 139ms (Views: 112.5ms)


Started GET "/about" for 127.0.0.1 at 2018-01-22 14:24:50 +1100
Processing by PagesController#about as HTML
  Rendering pages/about.html.erb within layouts/application
  Rendered pages/about.html.erb within layouts/application (0.9ms)
Completed 200 OK in 424ms (Views: 412.0ms)


  [1m[35m (80.0ms)[0m  [1m[35mCREATE TABLE "schema_migrations" ("version" character varying NOT NULL PRIMARY KEY)[0m
  [1m[35m (8.7ms)[0m  [1m[35mCREATE TABLE "ar_internal_metadata" ("key" character varying NOT NULL PRIMARY KEY, "value" character varying, "created_at" timestamp NOT NULL, "updated_at" timestamp NOT NULL)[0m
  [1m[35m (1.6ms)[0m  [1m[34mSELECT pg_try_advisory_lock(6426818665384503750)[0m
  [1m[35m (1.8ms)[0m  [1m[34mSELECT "schema_migrations"."version" FROM "schema_migrations" ORDER BY "schema_migrations"."version" ASC[0m
Migrating to CreateDishes (20180122034232)
  [1m[35m (0.9ms)[0m  [1m[35mBEGIN[0m
  [1m[35m (26.4ms)[0m  [1m[35mCREATE TABLE "dishes" ("id" bigserial primary key, "name" character varying, "img_url" text, "created_at" timestamp NOT NULL, "updated_at" timestamp NOT NULL)[0m
  [1m[35mSQL (3.8ms)[0m  [1m[32mINSERT INTO "schema_migrations" ("version") VALUES ($1) RETURNING "version"[0m  [["version", "20180122034232"]]
  [1m[35m (0.9ms)[0m  [1m[35mCOMMIT[0m
  [1m[36mActiveRecord::InternalMetadata Load (2.0ms)[0m  [1m[34mSELECT  "ar_internal_metadata".* FROM "ar_internal_metadata" WHERE "ar_internal_metadata"."key" = $1 LIMIT $2[0m  [["key", "environment"], ["LIMIT", 1]]
  [1m[35m (0.4ms)[0m  [1m[35mBEGIN[0m
  [1m[35mSQL (2.1ms)[0m  [1m[32mINSERT INTO "ar_internal_metadata" ("key", "value", "created_at", "updated_at") VALUES ($1, $2, $3, $4) RETURNING "key"[0m  [["key", "environment"], ["value", "development"], ["created_at", "2018-01-22 04:11:39.918373"], ["updated_at", "2018-01-22 04:11:39.918373"]]
  [1m[35m (0.9ms)[0m  [1m[35mCOMMIT[0m
  [1m[35m (0.5ms)[0m  [1m[34mSELECT pg_advisory_unlock(6426818665384503750)[0m
  [1m[35m (0.9ms)[0m  [1m[34mSELECT "schema_migrations"."version" FROM "schema_migrations" ORDER BY "schema_migrations"."version" ASC[0m
Started GET "/rails/info" for 127.0.0.1 at 2018-01-22 15:27:29 +1100
  [1m[35m (2.3ms)[0m  [1m[34mSELECT "schema_migrations"."version" FROM "schema_migrations" ORDER BY "schema_migrations"."version" ASC[0m
Processing by Rails::InfoController#index as HTML
Redirected to http://localhost:3000/rails/info/routes
Completed 302 Found in 19ms (ActiveRecord: 0.0ms)


Started GET "/rails/info/routes" for 127.0.0.1 at 2018-01-22 15:27:30 +1100
Processing by Rails::InfoController#routes as HTML
  Rendering /Users/superpower1/.rvm/gems/ruby-2.4.3/gems/railties-5.1.4/lib/rails/templates/rails/info/routes.html.erb within layouts/application
  Rendered collection of /Users/superpower1/.rvm/gems/ruby-2.4.3/gems/actionpack-5.1.4/lib/action_dispatch/middleware/templates/routes/_route.html.erb [10 times] (23.1ms)
  Rendered /Users/superpower1/.rvm/gems/ruby-2.4.3/gems/actionpack-5.1.4/lib/action_dispatch/middleware/templates/routes/_table.html.erb (16.4ms)
  Rendered /Users/superpower1/.rvm/gems/ruby-2.4.3/gems/railties-5.1.4/lib/rails/templates/rails/info/routes.html.erb within layouts/application (60.6ms)
Completed 200 OK in 101ms (Views: 89.6ms | ActiveRecord: 0.0ms)


  [1m[36mDish Load (3.1ms)[0m  [1m[34mSELECT  "dishes".* FROM "dishes" LIMIT $1[0m  [["LIMIT", 11]]
  [1m[35m (2.5ms)[0m  [1m[35mBEGIN[0m
  [1m[35mSQL (9.3ms)[0m  [1m[32mINSERT INTO "dishes" ("name", "img_url", "created_at", "updated_at") VALUES ($1, $2, $3, $4) RETURNING "id"[0m  [["name", "muffin"], ["img_url", "https://images-gmi-pmc.edge-generalmills.com/63b8a37b-d477-48a0-ad52-be2256d8cd32.jpg"], ["created_at", "2018-01-22 04:35:27.580282"], ["updated_at", "2018-01-22 04:35:27.580282"]]
  [1m[35m (1.1ms)[0m  [1m[35mCOMMIT[0m
Started GET "/rails/info/routes" for 127.0.0.1 at 2018-01-22 15:42:39 +1100
  [1m[35m (2.5ms)[0m  [1m[34mSELECT "schema_migrations"."version" FROM "schema_migrations" ORDER BY "schema_migrations"."version" ASC[0m
Processing by Rails::InfoController#routes as HTML
  Rendering /Users/superpower1/.rvm/gems/ruby-2.4.3/gems/railties-5.1.4/lib/rails/templates/rails/info/routes.html.erb within layouts/application
  Rendered collection of /Users/superpower1/.rvm/gems/ruby-2.4.3/gems/actionpack-5.1.4/lib/action_dispatch/middleware/templates/routes/_route.html.erb [10 times] (13.4ms)
  Rendered /Users/superpower1/.rvm/gems/ruby-2.4.3/gems/actionpack-5.1.4/lib/action_dispatch/middleware/templates/routes/_table.html.erb (33.4ms)
  Rendered /Users/superpower1/.rvm/gems/ruby-2.4.3/gems/railties-5.1.4/lib/rails/templates/rails/info/routes.html.erb within layouts/application (102.1ms)
Completed 200 OK in 188ms (Views: 151.5ms | ActiveRecord: 0.0ms)


Started GET "/dishes/1" for 127.0.0.1 at 2018-01-22 15:42:46 +1100
Processing by DishesController#show as HTML
  Parameters: {"id"=>"1"}
  [1m[36mDish Load (1.9ms)[0m  [1m[34mSELECT  "dishes".* FROM "dishes" WHERE "dishes"."id" = $1 LIMIT $2[0m  [["id", 1], ["LIMIT", 1]]
  Rendering dishes/show.html.erb within layouts/application
  Rendered dishes/show.html.erb within layouts/application (2.5ms)
Completed 200 OK in 3264ms (Views: 3142.5ms | ActiveRecord: 35.4ms)


Started GET "/rails/info" for 127.0.0.1 at 2018-01-22 15:45:36 +1100
Processing by Rails::InfoController#index as HTML
Redirected to http://localhost:3000/rails/info/routes
Completed 302 Found in 14ms (ActiveRecord: 0.0ms)


Started GET "/rails/info/routes" for 127.0.0.1 at 2018-01-22 15:45:36 +1100
Processing by Rails::InfoController#routes as HTML
  Rendering /Users/superpower1/.rvm/gems/ruby-2.4.3/gems/railties-5.1.4/lib/rails/templates/rails/info/routes.html.erb within layouts/application
  Rendered collection of /Users/superpower1/.rvm/gems/ruby-2.4.3/gems/actionpack-5.1.4/lib/action_dispatch/middleware/templates/routes/_route.html.erb [10 times] (42.3ms)
  Rendered /Users/superpower1/.rvm/gems/ruby-2.4.3/gems/actionpack-5.1.4/lib/action_dispatch/middleware/templates/routes/_table.html.erb (12.6ms)
  Rendered /Users/superpower1/.rvm/gems/ruby-2.4.3/gems/railties-5.1.4/lib/rails/templates/rails/info/routes.html.erb within layouts/application (86.7ms)
Completed 200 OK in 149ms (Views: 132.0ms | ActiveRecord: 0.0ms)


Started GET "/" for 127.0.0.1 at 2018-01-22 15:51:58 +1100
Processing by PagesController#home as HTML
  Rendering pages/home.html.erb within layouts/application
  Rendered pages/home.html.erb within layouts/application (5.9ms)
Completed 200 OK in 269ms (Views: 246.0ms | ActiveRecord: 0.0ms)


Started GET "/dishes/1" for 127.0.0.1 at 2018-01-22 15:53:03 +1100
Processing by DishesController#show as HTML
  Parameters: {"id"=>"1"}
  [1m[36mDish Load (2.8ms)[0m  [1m[34mSELECT  "dishes".* FROM "dishes" WHERE "dishes"."id" = $1 LIMIT $2[0m  [["id", 1], ["LIMIT", 1]]
  Rendering dishes/show.html.erb within layouts/application
  Rendered dishes/show.html.erb within layouts/application (13.5ms)
Completed 200 OK in 514ms (Views: 449.2ms | ActiveRecord: 2.8ms)


